[2019-09-29 19:48:08] local.ERROR: There are no commands defined in the "create:" namespace. {"exception":"[object] (Symfony\\Component\\Console\\Exception\\NamespaceNotFoundException(code: 0): There are no commands defined in the \"create:\" namespace. at C:\\Users\\izahR\\Desktop\\3ano\\OO II\\3bi\\laravel intro\\blog\\vendor\\symfony\\console\\Application.php:589)
[stacktrace]
#0 C:\\Users\\izahR\\Desktop\\3ano\\OO II\\3bi\\laravel intro\\blog\\vendor\\symfony\\console\\Application.php(638): Symfony\\Component\\Console\\Application->findNamespace('create:')
#1 C:\\Users\\izahR\\Desktop\\3ano\\OO II\\3bi\\laravel intro\\blog\\vendor\\symfony\\console\\Application.php(237): Symfony\\Component\\Console\\Application->find('create::')
#2 C:\\Users\\izahR\\Desktop\\3ano\\OO II\\3bi\\laravel intro\\blog\\vendor\\symfony\\console\\Application.php(149): Symfony\\Component\\Console\\Application->doRun(Object(Symfony\\Component\\Console\\Input\\ArgvInput), Object(Symfony\\Component\\Console\\Output\\ConsoleOutput))
#3 C:\\Users\\izahR\\Desktop\\3ano\\OO II\\3bi\\laravel intro\\blog\\vendor\\laravel\\framework\\src\\Illuminate\\Console\\Application.php(90): Symfony\\Component\\Console\\Application->run(Object(Symfony\\Component\\Console\\Input\\ArgvInput), Object(Symfony\\Component\\Console\\Output\\ConsoleOutput))
#4 C:\\Users\\izahR\\Desktop\\3ano\\OO II\\3bi\\laravel intro\\blog\\vendor\\laravel\\framework\\src\\Illuminate\\Foundation\\Console\\Kernel.php(133): Illuminate\\Console\\Application->run(Object(Symfony\\Component\\Console\\Input\\ArgvInput), Object(Symfony\\Component\\Console\\Output\\ConsoleOutput))
#5 C:\\Users\\izahR\\Desktop\\3ano\\OO II\\3bi\\laravel intro\\blog\\artisan(37): Illuminate\\Foundation\\Console\\Kernel->handle(Object(Symfony\\Component\\Console\\Input\\ArgvInput), Object(Symfony\\Component\\Console\\Output\\ConsoleOutput))
#6 {main}
"} 
[2019-09-29 19:48:17] local.ERROR: Command "create" is not defined. {"exception":"[object] (Symfony\\Component\\Console\\Exception\\CommandNotFoundException(code: 0): Command \"create\" is not defined. at C:\\Users\\izahR\\Desktop\\3ano\\OO II\\3bi\\laravel intro\\blog\\vendor\\symfony\\console\\Application.php:652)
[stacktrace]
#0 C:\\Users\\izahR\\Desktop\\3ano\\OO II\\3bi\\laravel intro\\blog\\vendor\\symfony\\console\\Command\\HelpCommand.php(70): Symfony\\Component\\Console\\Application->find('create')
#1 C:\\Users\\izahR\\Desktop\\3ano\\OO II\\3bi\\laravel intro\\blog\\vendor\\symfony\\console\\Command\\Command.php(255): Symfony\\Component\\Console\\Command\\HelpCommand->execute(Object(Symfony\\Component\\Console\\Input\\ArgvInput), Object(Symfony\\Component\\Console\\Output\\ConsoleOutput))
#2 C:\\Users\\izahR\\Desktop\\3ano\\OO II\\3bi\\laravel intro\\blog\\vendor\\symfony\\console\\Application.php(921): Symfony\\Component\\Console\\Command\\Command->run(Object(Symfony\\Component\\Console\\Input\\ArgvInput), Object(Symfony\\Component\\Console\\Output\\ConsoleOutput))
#3 C:\\Users\\izahR\\Desktop\\3ano\\OO II\\3bi\\laravel intro\\blog\\vendor\\symfony\\console\\Application.php(273): Symfony\\Component\\Console\\Application->doRunCommand(Object(Symfony\\Component\\Console\\Command\\HelpCommand), Object(Symfony\\Component\\Console\\Input\\ArgvInput), Object(Symfony\\Component\\Console\\Output\\ConsoleOutput))
#4 C:\\Users\\izahR\\Desktop\\3ano\\OO II\\3bi\\laravel intro\\blog\\vendor\\symfony\\console\\Application.php(149): Symfony\\Component\\Console\\Application->doRun(Object(Symfony\\Component\\Console\\Input\\ArgvInput), Object(Symfony\\Component\\Console\\Output\\ConsoleOutput))
#5 C:\\Users\\izahR\\Desktop\\3ano\\OO II\\3bi\\laravel intro\\blog\\vendor\\laravel\\framework\\src\\Illuminate\\Console\\Application.php(90): Symfony\\Component\\Console\\Application->run(Object(Symfony\\Component\\Console\\Input\\ArgvInput), Object(Symfony\\Component\\Console\\Output\\ConsoleOutput))
#6 C:\\Users\\izahR\\Desktop\\3ano\\OO II\\3bi\\laravel intro\\blog\\vendor\\laravel\\framework\\src\\Illuminate\\Foundation\\Console\\Kernel.php(133): Illuminate\\Console\\Application->run(Object(Symfony\\Component\\Console\\Input\\ArgvInput), Object(Symfony\\Component\\Console\\Output\\ConsoleOutput))
#7 C:\\Users\\izahR\\Desktop\\3ano\\OO II\\3bi\\laravel intro\\blog\\artisan(37): Illuminate\\Foundation\\Console\\Kernel->handle(Object(Symfony\\Component\\Console\\Input\\ArgvInput), Object(Symfony\\Component\\Console\\Output\\ConsoleOutput))
#8 {main}
"} 
[2019-09-29 19:58:12] local.ERROR: The "--crete" option does not exist. {"exception":"[object] (Symfony\\Component\\Console\\Exception\\RuntimeException(code: 0): The \"--crete\" option does not exist. at C:\\Users\\izahR\\Desktop\\3ano\\OO II\\3bi\\laravel intro\\blog\\vendor\\symfony\\console\\Input\\ArgvInput.php:218)
[stacktrace]
#0 C:\\Users\\izahR\\Desktop\\3ano\\OO II\\3bi\\laravel intro\\blog\\vendor\\symfony\\console\\Input\\ArgvInput.php(152): Symfony\\Component\\Console\\Input\\ArgvInput->addLongOption('crete', 'descricao')
#1 C:\\Users\\izahR\\Desktop\\3ano\\OO II\\3bi\\laravel intro\\blog\\vendor\\symfony\\console\\Input\\ArgvInput.php(82): Symfony\\Component\\Console\\Input\\ArgvInput->parseLongOption('--crete=descric...')
#2 C:\\Users\\izahR\\Desktop\\3ano\\OO II\\3bi\\laravel intro\\blog\\vendor\\symfony\\console\\Input\\Input.php(55): Symfony\\Component\\Console\\Input\\ArgvInput->parse()
#3 C:\\Users\\izahR\\Desktop\\3ano\\OO II\\3bi\\laravel intro\\blog\\vendor\\symfony\\console\\Command\\Command.php(214): Symfony\\Component\\Console\\Input\\Input->bind(Object(Symfony\\Component\\Console\\Input\\InputDefinition))
#4 C:\\Users\\izahR\\Desktop\\3ano\\OO II\\3bi\\laravel intro\\blog\\vendor\\laravel\\framework\\src\\Illuminate\\Console\\Command.php(170): Symfony\\Component\\Console\\Command\\Command->run(Object(Symfony\\Component\\Console\\Input\\ArgvInput), Object(Illuminate\\Console\\OutputStyle))
#5 C:\\Users\\izahR\\Desktop\\3ano\\OO II\\3bi\\laravel intro\\blog\\vendor\\symfony\\console\\Application.php(921): Illuminate\\Console\\Command->run(Object(Symfony\\Component\\Console\\Input\\ArgvInput), Object(Symfony\\Component\\Console\\Output\\ConsoleOutput))
#6 C:\\Users\\izahR\\Desktop\\3ano\\OO II\\3bi\\laravel intro\\blog\\vendor\\symfony\\console\\Application.php(273): Symfony\\Component\\Console\\Application->doRunCommand(Object(Illuminate\\Database\\Console\\Migrations\\MigrateMakeCommand), Object(Symfony\\Component\\Console\\Input\\ArgvInput), Object(Symfony\\Component\\Console\\Output\\ConsoleOutput))
#7 C:\\Users\\izahR\\Desktop\\3ano\\OO II\\3bi\\laravel intro\\blog\\vendor\\symfony\\console\\Application.php(149): Symfony\\Component\\Console\\Application->doRun(Object(Symfony\\Component\\Console\\Input\\ArgvInput), Object(Symfony\\Component\\Console\\Output\\ConsoleOutput))
#8 C:\\Users\\izahR\\Desktop\\3ano\\OO II\\3bi\\laravel intro\\blog\\vendor\\laravel\\framework\\src\\Illuminate\\Console\\Application.php(90): Symfony\\Component\\Console\\Application->run(Object(Symfony\\Component\\Console\\Input\\ArgvInput), Object(Symfony\\Component\\Console\\Output\\ConsoleOutput))
#9 C:\\Users\\izahR\\Desktop\\3ano\\OO II\\3bi\\laravel intro\\blog\\vendor\\laravel\\framework\\src\\Illuminate\\Foundation\\Console\\Kernel.php(133): Illuminate\\Console\\Application->run(Object(Symfony\\Component\\Console\\Input\\ArgvInput), Object(Symfony\\Component\\Console\\Output\\ConsoleOutput))
#10 C:\\Users\\izahR\\Desktop\\3ano\\OO II\\3bi\\laravel intro\\blog\\artisan(37): Illuminate\\Foundation\\Console\\Kernel->handle(Object(Symfony\\Component\\Console\\Input\\ArgvInput), Object(Symfony\\Component\\Console\\Output\\ConsoleOutput))
#11 {main}
"} 
[2019-09-29 20:23:09] local.ERROR: SQLSTATE[42S02]: Base table or view not found: 1146 Table 'laravel.tasks' doesn't exist (SQL: select count(*) as aggregate from `tasks`) {"userId":1,"exception":"[object] (Illuminate\\Database\\QueryException(code: 42S02): SQLSTATE[42S02]: Base table or view not found: 1146 Table 'laravel.tasks' doesn't exist (SQL: select count(*) as aggregate from `tasks`) at C:\\Users\\izahR\\Desktop\\3ano\\OO II\\3bi\\laravel intro\\blog\\vendor\\laravel\\framework\\src\\Illuminate\\Database\\Connection.php:664, PDOException(code: 42S02): SQLSTATE[42S02]: Base table or view not found: 1146 Table 'laravel.tasks' doesn't exist at C:\\Users\\izahR\\Desktop\\3ano\\OO II\\3bi\\laravel intro\\blog\\vendor\\laravel\\framework\\src\\Illuminate\\Database\\Connection.php:326)
[stacktrace]
#0 C:\\Users\\izahR\\Desktop\\3ano\\OO II\\3bi\\laravel intro\\blog\\vendor\\laravel\\framework\\src\\Illuminate\\Database\\Connection.php(624): Illuminate\\Database\\Connection->runQueryCallback('select count(*)...', Array, Object(Closure))
#1 C:\\Users\\izahR\\Desktop\\3ano\\OO II\\3bi\\laravel intro\\blog\\vendor\\laravel\\framework\\src\\Illuminate\\Database\\Connection.php(333): Illuminate\\Database\\Connection->run('select count(*)...', Array, Object(Closure))
#2 C:\\Users\\izahR\\Desktop\\3ano\\OO II\\3bi\\laravel intro\\blog\\vendor\\laravel\\framework\\src\\Illuminate\\Database\\Query\\Builder.php(2130): Illuminate\\Database\\Connection->select('select count(*)...', Array, true)
#3 C:\\Users\\izahR\\Desktop\\3ano\\OO II\\3bi\\laravel intro\\blog\\vendor\\laravel\\framework\\src\\Illuminate\\Database\\Query\\Builder.php(2118): Illuminate\\Database\\Query\\Builder->runSelect()
#4 C:\\Users\\izahR\\Desktop\\3ano\\OO II\\3bi\\laravel intro\\blog\\vendor\\laravel\\framework\\src\\Illuminate\\Database\\Query\\Builder.php(2604): Illuminate\\Database\\Query\\Builder->Illuminate\\Database\\Query\\{closure}()
#5 C:\\Users\\izahR\\Desktop\\3ano\\OO II\\3bi\\laravel intro\\blog\\vendor\\laravel\\framework\\src\\Illuminate\\Database\\Query\\Builder.php(2119): Illuminate\\Database\\Query\\Builder->onceWithColumns(Array, Object(Closure))
#6 C:\\Users\\izahR\\Desktop\\3ano\\OO II\\3bi\\laravel intro\\blog\\vendor\\laravel\\framework\\src\\Illuminate\\Database\\Query\\Builder.php(2217): Illuminate\\Database\\Query\\Builder->get()
#7 C:\\Users\\izahR\\Desktop\\3ano\\OO II\\3bi\\laravel intro\\blog\\vendor\\laravel\\framework\\src\\Illuminate\\Database\\Query\\Builder.php(2188): Illuminate\\Database\\Query\\Builder->runPaginationCountQuery(Array)
#8 C:\\Users\\izahR\\Desktop\\3ano\\OO II\\3bi\\laravel intro\\blog\\vendor\\laravel\\framework\\src\\Illuminate\\Database\\Eloquent\\Builder.php(750): Illuminate\\Database\\Query\\Builder->getCountForPagination()
#9 C:\\Users\\izahR\\Desktop\\3ano\\OO II\\3bi\\laravel intro\\blog\\vendor\\laravel\\framework\\src\\Illuminate\\Support\\Traits\\ForwardsCalls.php(23): Illuminate\\Database\\Eloquent\\Builder->paginate(3)
#10 C:\\Users\\izahR\\Desktop\\3ano\\OO II\\3bi\\laravel intro\\blog\\vendor\\laravel\\framework\\src\\Illuminate\\Database\\Eloquent\\Model.php(1618): Illuminate\\Database\\Eloquent\\Model->forwardCallTo(Object(Illuminate\\Database\\Eloquent\\Builder), 'paginate', Array)
#11 C:\\Users\\izahR\\Desktop\\3ano\\OO II\\3bi\\laravel intro\\blog\\vendor\\laravel\\framework\\src\\Illuminate\\Database\\Eloquent\\Model.php(1630): Illuminate\\Database\\Eloquent\\Model->__call('paginate', Array)
#12 C:\\Users\\izahR\\Desktop\\3ano\\OO II\\3bi\\laravel intro\\blog\\app\\Http\\Controllers\\TaskController.php(17): Illuminate\\Database\\Eloquent\\Model::__callStatic('paginate', Array)
#13 [internal function]: App\\Http\\Controllers\\TaskController->index()
#14 C:\\Users\\izahR\\Desktop\\3ano\\OO II\\3bi\\laravel intro\\blog\\vendor\\laravel\\framework\\src\\Illuminate\\Routing\\Controller.php(54): call_user_func_array(Array, Array)
#15 C:\\Users\\izahR\\Desktop\\3ano\\OO II\\3bi\\laravel intro\\blog\\vendor\\laravel\\framework\\src\\Illuminate\\Routing\\ControllerDispatcher.php(45): Illuminate\\Routing\\Controller->callAction('index', Array)
#16 C:\\Users\\izahR\\Desktop\\3ano\\OO II\\3bi\\laravel intro\\blog\\vendor\\laravel\\framework\\src\\Illuminate\\Routing\\Route.php(219): Illuminate\\Routing\\ControllerDispatcher->dispatch(Object(Illuminate\\Routing\\Route), Object(App\\Http\\Controllers\\TaskController), 'index')
#17 C:\\Users\\izahR\\Desktop\\3ano\\OO II\\3bi\\laravel intro\\blog\\vendor\\laravel\\framework\\src\\Illuminate\\Routing\\Route.php(176): Illuminate\\Routing\\Route->runController()
#18 C:\\Users\\izahR\\Desktop\\3ano\\OO II\\3bi\\laravel intro\\blog\\vendor\\laravel\\framework\\src\\Illuminate\\Routing\\Router.php(680): Illuminate\\Routing\\Route->run()
#19 C:\\Users\\izahR\\Desktop\\3ano\\OO II\\3bi\\laravel intro\\blog\\vendor\\laravel\\framework\\src\\Illuminate\\Routing\\Pipeline.php(30): Illuminate\\Routing\\Router->Illuminate\\Routing\\{closure}(Object(Illuminate\\Http\\Request))
#20 C:\\Users\\izahR\\Desktop\\3ano\\OO II\\3bi\\laravel intro\\blog\\app\\Http\\Middleware\\Tads.php(23): Illuminate\\Routing\\Pipeline->Illuminate\\Routing\\{closure}(Object(Illuminate\\Http\\Request))
#21 C:\\Users\\izahR\\Desktop\\3ano\\OO II\\3bi\\laravel intro\\blog\\vendor\\laravel\\framework\\src\\Illuminate\\Pipeline\\Pipeline.php(163): App\\Http\\Middleware\\Tads->handle(Object(Illuminate\\Http\\Request), Object(Closure))
#22 C:\\Users\\izahR\\Desktop\\3ano\\OO II\\3bi\\laravel intro\\blog\\vendor\\laravel\\framework\\src\\Illuminate\\Routing\\Pipeline.php(53): Illuminate\\Pipeline\\Pipeline->Illuminate\\Pipeline\\{closure}(Object(Illuminate\\Http\\Request))
#23 C:\\Users\\izahR\\Desktop\\3ano\\OO II\\3bi\\laravel intro\\blog\\vendor\\laravel\\framework\\src\\Illuminate\\Routing\\Middleware\\SubstituteBindings.php(41): Illuminate\\Routing\\Pipeline->Illuminate\\Routing\\{closure}(Object(Illuminate\\Http\\Request))
#24 C:\\Users\\izahR\\Desktop\\3ano\\OO II\\3bi\\laravel intro\\blog\\vendor\\laravel\\framework\\src\\Illuminate\\Pipeline\\Pipeline.php(163): Illuminate\\Routing\\Middleware\\SubstituteBindings->handle(Object(Illuminate\\Http\\Request), Object(Closure))
#25 C:\\Users\\izahR\\Desktop\\3ano\\OO II\\3bi\\laravel intro\\blog\\vendor\\laravel\\framework\\src\\Illuminate\\Routing\\Pipeline.php(53): Illuminate\\Pipeline\\Pipeline->Illuminate\\Pipeline\\{closure}(Object(Illuminate\\Http\\Request))
#26 C:\\Users\\izahR\\Desktop\\3ano\\OO II\\3bi\\laravel intro\\blog\\vendor\\laravel\\framework\\src\\Illuminate\\Foundation\\Http\\Middleware\\VerifyCsrfToken.php(75): Illuminate\\Routing\\Pipeline->Illuminate\\Routing\\{closure}(Object(Illuminate\\Http\\Request))
#27 C:\\Users\\izahR\\Desktop\\3ano\\OO II\\3bi\\laravel intro\\blog\\vendor\\laravel\\framework\\src\\Illuminate\\Pipeline\\Pipeline.php(163): Illuminate\\Foundation\\Http\\Middleware\\VerifyCsrfToken->handle(Object(Illuminate\\Http\\Request), Object(Closure))
#28 C:\\Users\\izahR\\Desktop\\3ano\\OO II\\3bi\\laravel intro\\blog\\vendor\\laravel\\framework\\src\\Illuminate\\Routing\\Pipeline.php(53): Illuminate\\Pipeline\\Pipeline->Illuminate\\Pipeline\\{closure}(Object(Illuminate\\Http\\Request))
#29 C:\\Users\\izahR\\Desktop\\3ano\\OO II\\3bi\\laravel intro\\blog\\vendor\\laravel\\framework\\src\\Illuminate\\View\\Middleware\\ShareErrorsFromSession.php(49): Illuminate\\Routing\\Pipeline->Illuminate\\Routing\\{closure}(Object(Illuminate\\Http\\Request))
#30 C:\\Users\\izahR\\Desktop\\3ano\\OO II\\3bi\\laravel intro\\blog\\vendor\\laravel\\framework\\src\\Illuminate\\Pipeline\\Pipeline.php(163): Illuminate\\View\\Middleware\\ShareErrorsFromSession->handle(Object(Illuminate\\Http\\Request), Object(Closure))
#31 C:\\Users\\izahR\\Desktop\\3ano\\OO II\\3bi\\laravel intro\\blog\\vendor\\laravel\\framework\\src\\Illuminate\\Routing\\Pipeline.php(53): Illuminate\\Pipeline\\Pipeline->Illuminate\\Pipeline\\{closure}(Object(Illuminate\\Http\\Request))
#32 C:\\Users\\izahR\\Desktop\\3ano\\OO II\\3bi\\laravel intro\\blog\\vendor\\laravel\\framework\\src\\Illuminate\\Session\\Middleware\\StartSession.php(56): Illuminate\\Routing\\Pipeline->Illuminate\\Routing\\{closure}(Object(Illuminate\\Http\\Request))
#33 C:\\Users\\izahR\\Desktop\\3ano\\OO II\\3bi\\laravel intro\\blog\\vendor\\laravel\\framework\\src\\Illuminate\\Pipeline\\Pipeline.php(163): Illuminate\\Session\\Middleware\\StartSession->handle(Object(Illuminate\\Http\\Request), Object(Closure))
#34 C:\\Users\\izahR\\Desktop\\3ano\\OO II\\3bi\\laravel intro\\blog\\vendor\\laravel\\framework\\src\\Illuminate\\Routing\\Pipeline.php(53): Illuminate\\Pipeline\\Pipeline->Illuminate\\Pipeline\\{closure}(Object(Illuminate\\Http\\Request))
#35 C:\\Users\\izahR\\Desktop\\3ano\\OO II\\3bi\\laravel intro\\blog\\vendor\\laravel\\framework\\src\\Illuminate\\Cookie\\Middleware\\AddQueuedCookiesToResponse.php(37): Illuminate\\Routing\\Pipeline->Illuminate\\Routing\\{closure}(Object(Illuminate\\Http\\Request))
#36 C:\\Users\\izahR\\Desktop\\3ano\\OO II\\3bi\\laravel intro\\blog\\vendor\\laravel\\framework\\src\\Illuminate\\Pipeline\\Pipeline.php(163): Illuminate\\Cookie\\Middleware\\AddQueuedCookiesToResponse->handle(Object(Illuminate\\Http\\Request), Object(Closure))
#37 C:\\Users\\izahR\\Desktop\\3ano\\OO II\\3bi\\laravel intro\\blog\\vendor\\laravel\\framework\\src\\Illuminate\\Routing\\Pipeline.php(53): Illuminate\\Pipeline\\Pipeline->Illuminate\\Pipeline\\{closure}(Object(Illuminate\\Http\\Request))
#38 C:\\Users\\izahR\\Desktop\\3ano\\OO II\\3bi\\laravel intro\\blog\\vendor\\laravel\\framework\\src\\Illuminate\\Cookie\\Middleware\\EncryptCookies.php(66): Illuminate\\Routing\\Pipeline->Illuminate\\Routing\\{closure}(Object(Illuminate\\Http\\Request))
#39 C:\\Users\\izahR\\Desktop\\3ano\\OO II\\3bi\\laravel intro\\blog\\vendor\\laravel\\framework\\src\\Illuminate\\Pipeline\\Pipeline.php(163): Illuminate\\Cookie\\Middleware\\EncryptCookies->handle(Object(Illuminate\\Http\\Request), Object(Closure))
#40 C:\\Users\\izahR\\Desktop\\3ano\\OO II\\3bi\\laravel intro\\blog\\vendor\\laravel\\framework\\src\\Illuminate\\Routing\\Pipeline.php(53): Illuminate\\Pipeline\\Pipeline->Illuminate\\Pipeline\\{closure}(Object(Illuminate\\Http\\Request))
#41 C:\\Users\\izahR\\Desktop\\3ano\\OO II\\3bi\\laravel intro\\blog\\vendor\\laravel\\framework\\src\\Illuminate\\Pipeline\\Pipeline.php(104): Illuminate\\Routing\\Pipeline->Illuminate\\Routing\\{closure}(Object(Illuminate\\Http\\Request))
#42 C:\\Users\\izahR\\Desktop\\3ano\\OO II\\3bi\\laravel intro\\blog\\vendor\\laravel\\framework\\src\\Illuminate\\Routing\\Router.php(682): Illuminate\\Pipeline\\Pipeline->then(Object(Closure))
#43 C:\\Users\\izahR\\Desktop\\3ano\\OO II\\3bi\\laravel intro\\blog\\vendor\\laravel\\framework\\src\\Illuminate\\Routing\\Router.php(657): Illuminate\\Routing\\Router->runRouteWithinStack(Object(Illuminate\\Routing\\Route), Object(Illuminate\\Http\\Request))
#44 C:\\Users\\izahR\\Desktop\\3ano\\OO II\\3bi\\laravel intro\\blog\\vendor\\laravel\\framework\\src\\Illuminate\\Routing\\Router.php(623): Illuminate\\Routing\\Router->runRoute(Object(Illuminate\\Http\\Request), Object(Illuminate\\Routing\\Route))
#45 C:\\Users\\izahR\\Desktop\\3ano\\OO II\\3bi\\laravel intro\\blog\\vendor\\laravel\\framework\\src\\Illuminate\\Routing\\Router.php(612): Illuminate\\Routing\\Router->dispatchToRoute(Object(Illuminate\\Http\\Request))
#46 C:\\Users\\izahR\\Desktop\\3ano\\OO II\\3bi\\laravel intro\\blog\\vendor\\laravel\\framework\\src\\Illuminate\\Foundation\\Http\\Kernel.php(176): Illuminate\\Routing\\Router->dispatch(Object(Illuminate\\Http\\Request))
#47 C:\\Users\\izahR\\Desktop\\3ano\\OO II\\3bi\\laravel intro\\blog\\vendor\\laravel\\framework\\src\\Illuminate\\Routing\\Pipeline.php(30): Illuminate\\Foundation\\Http\\Kernel->Illuminate\\Foundation\\Http\\{closure}(Object(Illuminate\\Http\\Request))
#48 C:\\Users\\izahR\\Desktop\\3ano\\OO II\\3bi\\laravel intro\\blog\\vendor\\fideloper\\proxy\\src\\TrustProxies.php(57): Illuminate\\Routing\\Pipeline->Illuminate\\Routing\\{closure}(Object(Illuminate\\Http\\Request))
#49 C:\\Users\\izahR\\Desktop\\3ano\\OO II\\3bi\\laravel intro\\blog\\vendor\\laravel\\framework\\src\\Illuminate\\Pipeline\\Pipeline.php(163): Fideloper\\Proxy\\TrustProxies->handle(Object(Illuminate\\Http\\Request), Object(Closure))
#50 C:\\Users\\izahR\\Desktop\\3ano\\OO II\\3bi\\laravel intro\\blog\\vendor\\laravel\\framework\\src\\Illuminate\\Routing\\Pipeline.php(53): Illuminate\\Pipeline\\Pipeline->Illuminate\\Pipeline\\{closure}(Object(Illuminate\\Http\\Request))
#51 C:\\Users\\izahR\\Desktop\\3ano\\OO II\\3bi\\laravel intro\\blog\\vendor\\laravel\\framework\\src\\Illuminate\\Foundation\\Http\\Middleware\\TransformsRequest.php(21): Illuminate\\Routing\\Pipeline->Illuminate\\Routing\\{closure}(Object(Illuminate\\Http\\Request))
#52 C:\\Users\\izahR\\Desktop\\3ano\\OO II\\3bi\\laravel intro\\blog\\vendor\\laravel\\framework\\src\\Illuminate\\Pipeline\\Pipeline.php(163): Illuminate\\Foundation\\Http\\Middleware\\TransformsRequest->handle(Object(Illuminate\\Http\\Request), Object(Closure))
#53 C:\\Users\\izahR\\Desktop\\3ano\\OO II\\3bi\\laravel intro\\blog\\vendor\\laravel\\framework\\src\\Illuminate\\Routing\\Pipeline.php(53): Illuminate\\Pipeline\\Pipeline->Illuminate\\Pipeline\\{closure}(Object(Illuminate\\Http\\Request))
#54 C:\\Users\\izahR\\Desktop\\3ano\\OO II\\3bi\\laravel intro\\blog\\vendor\\laravel\\framework\\src\\Illuminate\\Foundation\\Http\\Middleware\\TransformsRequest.php(21): Illuminate\\Routing\\Pipeline->Illuminate\\Routing\\{closure}(Object(Illuminate\\Http\\Request))
#55 C:\\Users\\izahR\\Desktop\\3ano\\OO II\\3bi\\laravel intro\\blog\\vendor\\laravel\\framework\\src\\Illuminate\\Pipeline\\Pipeline.php(163): Illuminate\\Foundation\\Http\\Middleware\\TransformsRequest->handle(Object(Illuminate\\Http\\Request), Object(Closure))
#56 C:\\Users\\izahR\\Desktop\\3ano\\OO II\\3bi\\laravel intro\\blog\\vendor\\laravel\\framework\\src\\Illuminate\\Routing\\Pipeline.php(53): Illuminate\\Pipeline\\Pipeline->Illuminate\\Pipeline\\{closure}(Object(Illuminate\\Http\\Request))
#57 C:\\Users\\izahR\\Desktop\\3ano\\OO II\\3bi\\laravel intro\\blog\\vendor\\laravel\\framework\\src\\Illuminate\\Foundation\\Http\\Middleware\\ValidatePostSize.php(27): Illuminate\\Routing\\Pipeline->Illuminate\\Routing\\{closure}(Object(Illuminate\\Http\\Request))
#58 C:\\Users\\izahR\\Desktop\\3ano\\OO II\\3bi\\laravel intro\\blog\\vendor\\laravel\\framework\\src\\Illuminate\\Pipeline\\Pipeline.php(163): Illuminate\\Foundation\\Http\\Middleware\\ValidatePostSize->handle(Object(Illuminate\\Http\\Request), Object(Closure))
#59 C:\\Users\\izahR\\Desktop\\3ano\\OO II\\3bi\\laravel intro\\blog\\vendor\\laravel\\framework\\src\\Illuminate\\Routing\\Pipeline.php(53): Illuminate\\Pipeline\\Pipeline->Illuminate\\Pipeline\\{closure}(Object(Illuminate\\Http\\Request))
#60 C:\\Users\\izahR\\Desktop\\3ano\\OO II\\3bi\\laravel intro\\blog\\vendor\\laravel\\framework\\src\\Illuminate\\Foundation\\Http\\Middleware\\CheckForMaintenanceMode.php(62): Illuminate\\Routing\\Pipeline->Illuminate\\Routing\\{closure}(Object(Illuminate\\Http\\Request))
#61 C:\\Users\\izahR\\Desktop\\3ano\\OO II\\3bi\\laravel intro\\blog\\vendor\\laravel\\framework\\src\\Illuminate\\Pipeline\\Pipeline.php(163): Illuminate\\Foundation\\Http\\Middleware\\CheckForMaintenanceMode->handle(Object(Illuminate\\Http\\Request), Object(Closure))
#62 C:\\Users\\izahR\\Desktop\\3ano\\OO II\\3bi\\laravel intro\\blog\\vendor\\laravel\\framework\\src\\Illuminate\\Routing\\Pipeline.php(53): Illuminate\\Pipeline\\Pipeline->Illuminate\\Pipeline\\{closure}(Object(Illuminate\\Http\\Request))
#63 C:\\Users\\izahR\\Desktop\\3ano\\OO II\\3bi\\laravel intro\\blog\\vendor\\laravel\\framework\\src\\Illuminate\\Pipeline\\Pipeline.php(104): Illuminate\\Routing\\Pipeline->Illuminate\\Routing\\{closure}(Object(Illuminate\\Http\\Request))
#64 C:\\Users\\izahR\\Desktop\\3ano\\OO II\\3bi\\laravel intro\\blog\\vendor\\laravel\\framework\\src\\Illuminate\\Foundation\\Http\\Kernel.php(151): Illuminate\\Pipeline\\Pipeline->then(Object(Closure))
#65 C:\\Users\\izahR\\Desktop\\3ano\\OO II\\3bi\\laravel intro\\blog\\vendor\\laravel\\framework\\src\\Illuminate\\Foundation\\Http\\Kernel.php(116): Illuminate\\Foundation\\Http\\Kernel->sendRequestThroughRouter(Object(Illuminate\\Http\\Request))
#66 C:\\Users\\izahR\\Desktop\\3ano\\OO II\\3bi\\laravel intro\\blog\\public\\index.php(55): Illuminate\\Foundation\\Http\\Kernel->handle(Object(Illuminate\\Http\\Request))
#67 C:\\Users\\izahR\\Desktop\\3ano\\OO II\\3bi\\laravel intro\\blog\\server.php(21): require_once('C:\\\\Users\\\\izahR\\\\...')
#68 {main}
"} 
[2019-09-29 20:43:24] local.ERROR: SQLSTATE[42S02]: Base table or view not found: 1146 Table 'laravel.tasks' doesn't exist (SQL: select count(*) as aggregate from `tasks`) {"userId":1,"exception":"[object] (Illuminate\\Database\\QueryException(code: 42S02): SQLSTATE[42S02]: Base table or view not found: 1146 Table 'laravel.tasks' doesn't exist (SQL: select count(*) as aggregate from `tasks`) at C:\\Users\\izahR\\Desktop\\3ano\\OO II\\3bi\\laravel intro\\blog\\vendor\\laravel\\framework\\src\\Illuminate\\Database\\Connection.php:664, PDOException(code: 42S02): SQLSTATE[42S02]: Base table or view not found: 1146 Table 'laravel.tasks' doesn't exist at C:\\Users\\izahR\\Desktop\\3ano\\OO II\\3bi\\laravel intro\\blog\\vendor\\laravel\\framework\\src\\Illuminate\\Database\\Connection.php:326)
[stacktrace]
#0 C:\\Users\\izahR\\Desktop\\3ano\\OO II\\3bi\\laravel intro\\blog\\vendor\\laravel\\framework\\src\\Illuminate\\Database\\Connection.php(624): Illuminate\\Database\\Connection->runQueryCallback('select count(*)...', Array, Object(Closure))
#1 C:\\Users\\izahR\\Desktop\\3ano\\OO II\\3bi\\laravel intro\\blog\\vendor\\laravel\\framework\\src\\Illuminate\\Database\\Connection.php(333): Illuminate\\Database\\Connection->run('select count(*)...', Array, Object(Closure))
#2 C:\\Users\\izahR\\Desktop\\3ano\\OO II\\3bi\\laravel intro\\blog\\vendor\\laravel\\framework\\src\\Illuminate\\Database\\Query\\Builder.php(2130): Illuminate\\Database\\Connection->select('select count(*)...', Array, true)
#3 C:\\Users\\izahR\\Desktop\\3ano\\OO II\\3bi\\laravel intro\\blog\\vendor\\laravel\\framework\\src\\Illuminate\\Database\\Query\\Builder.php(2118): Illuminate\\Database\\Query\\Builder->runSelect()
#4 C:\\Users\\izahR\\Desktop\\3ano\\OO II\\3bi\\laravel intro\\blog\\vendor\\laravel\\framework\\src\\Illuminate\\Database\\Query\\Builder.php(2604): Illuminate\\Database\\Query\\Builder->Illuminate\\Database\\Query\\{closure}()
#5 C:\\Users\\izahR\\Desktop\\3ano\\OO II\\3bi\\laravel intro\\blog\\vendor\\laravel\\framework\\src\\Illuminate\\Database\\Query\\Builder.php(2119): Illuminate\\Database\\Query\\Builder->onceWithColumns(Array, Object(Closure))
#6 C:\\Users\\izahR\\Desktop\\3ano\\OO II\\3bi\\laravel intro\\blog\\vendor\\laravel\\framework\\src\\Illuminate\\Database\\Query\\Builder.php(2217): Illuminate\\Database\\Query\\Builder->get()
#7 C:\\Users\\izahR\\Desktop\\3ano\\OO II\\3bi\\laravel intro\\blog\\vendor\\laravel\\framework\\src\\Illuminate\\Database\\Query\\Builder.php(2188): Illuminate\\Database\\Query\\Builder->runPaginationCountQuery(Array)
#8 C:\\Users\\izahR\\Desktop\\3ano\\OO II\\3bi\\laravel intro\\blog\\vendor\\laravel\\framework\\src\\Illuminate\\Database\\Eloquent\\Builder.php(750): Illuminate\\Database\\Query\\Builder->getCountForPagination()
#9 C:\\Users\\izahR\\Desktop\\3ano\\OO II\\3bi\\laravel intro\\blog\\vendor\\laravel\\framework\\src\\Illuminate\\Support\\Traits\\ForwardsCalls.php(23): Illuminate\\Database\\Eloquent\\Builder->paginate(3)
#10 C:\\Users\\izahR\\Desktop\\3ano\\OO II\\3bi\\laravel intro\\blog\\vendor\\laravel\\framework\\src\\Illuminate\\Database\\Eloquent\\Model.php(1618): Illuminate\\Database\\Eloquent\\Model->forwardCallTo(Object(Illuminate\\Database\\Eloquent\\Builder), 'paginate', Array)
#11 C:\\Users\\izahR\\Desktop\\3ano\\OO II\\3bi\\laravel intro\\blog\\vendor\\laravel\\framework\\src\\Illuminate\\Database\\Eloquent\\Model.php(1630): Illuminate\\Database\\Eloquent\\Model->__call('paginate', Array)
#12 C:\\Users\\izahR\\Desktop\\3ano\\OO II\\3bi\\laravel intro\\blog\\app\\Http\\Controllers\\TaskController.php(17): Illuminate\\Database\\Eloquent\\Model::__callStatic('paginate', Array)
#13 [internal function]: App\\Http\\Controllers\\TaskController->index()
#14 C:\\Users\\izahR\\Desktop\\3ano\\OO II\\3bi\\laravel intro\\blog\\vendor\\laravel\\framework\\src\\Illuminate\\Routing\\Controller.php(54): call_user_func_array(Array, Array)
#15 C:\\Users\\izahR\\Desktop\\3ano\\OO II\\3bi\\laravel intro\\blog\\vendor\\laravel\\framework\\src\\Illuminate\\Routing\\ControllerDispatcher.php(45): Illuminate\\Routing\\Controller->callAction('index', Array)
#16 C:\\Users\\izahR\\Desktop\\3ano\\OO II\\3bi\\laravel intro\\blog\\vendor\\laravel\\framework\\src\\Illuminate\\Routing\\Route.php(219): Illuminate\\Routing\\ControllerDispatcher->dispatch(Object(Illuminate\\Routing\\Route), Object(App\\Http\\Controllers\\TaskController), 'index')
#17 C:\\Users\\izahR\\Desktop\\3ano\\OO II\\3bi\\laravel intro\\blog\\vendor\\laravel\\framework\\src\\Illuminate\\Routing\\Route.php(176): Illuminate\\Routing\\Route->runController()
#18 C:\\Users\\izahR\\Desktop\\3ano\\OO II\\3bi\\laravel intro\\blog\\vendor\\laravel\\framework\\src\\Illuminate\\Routing\\Router.php(680): Illuminate\\Routing\\Route->run()
#19 C:\\Users\\izahR\\Desktop\\3ano\\OO II\\3bi\\laravel intro\\blog\\vendor\\laravel\\framework\\src\\Illuminate\\Routing\\Pipeline.php(30): Illuminate\\Routing\\Router->Illuminate\\Routing\\{closure}(Object(Illuminate\\Http\\Request))
#20 C:\\Users\\izahR\\Desktop\\3ano\\OO II\\3bi\\laravel intro\\blog\\app\\Http\\Middleware\\Tads.php(23): Illuminate\\Routing\\Pipeline->Illuminate\\Routing\\{closure}(Object(Illuminate\\Http\\Request))
#21 C:\\Users\\izahR\\Desktop\\3ano\\OO II\\3bi\\laravel intro\\blog\\vendor\\laravel\\framework\\src\\Illuminate\\Pipeline\\Pipeline.php(163): App\\Http\\Middleware\\Tads->handle(Object(Illuminate\\Http\\Request), Object(Closure))
#22 C:\\Users\\izahR\\Desktop\\3ano\\OO II\\3bi\\laravel intro\\blog\\vendor\\laravel\\framework\\src\\Illuminate\\Routing\\Pipeline.php(53): Illuminate\\Pipeline\\Pipeline->Illuminate\\Pipeline\\{closure}(Object(Illuminate\\Http\\Request))
#23 C:\\Users\\izahR\\Desktop\\3ano\\OO II\\3bi\\laravel intro\\blog\\vendor\\laravel\\framework\\src\\Illuminate\\Routing\\Middleware\\SubstituteBindings.php(41): Illuminate\\Routing\\Pipeline->Illuminate\\Routing\\{closure}(Object(Illuminate\\Http\\Request))
#24 C:\\Users\\izahR\\Desktop\\3ano\\OO II\\3bi\\laravel intro\\blog\\vendor\\laravel\\framework\\src\\Illuminate\\Pipeline\\Pipeline.php(163): Illuminate\\Routing\\Middleware\\SubstituteBindings->handle(Object(Illuminate\\Http\\Request), Object(Closure))
#25 C:\\Users\\izahR\\Desktop\\3ano\\OO II\\3bi\\laravel intro\\blog\\vendor\\laravel\\framework\\src\\Illuminate\\Routing\\Pipeline.php(53): Illuminate\\Pipeline\\Pipeline->Illuminate\\Pipeline\\{closure}(Object(Illuminate\\Http\\Request))
#26 C:\\Users\\izahR\\Desktop\\3ano\\OO II\\3bi\\laravel intro\\blog\\vendor\\laravel\\framework\\src\\Illuminate\\Foundation\\Http\\Middleware\\VerifyCsrfToken.php(75): Illuminate\\Routing\\Pipeline->Illuminate\\Routing\\{closure}(Object(Illuminate\\Http\\Request))
#27 C:\\Users\\izahR\\Desktop\\3ano\\OO II\\3bi\\laravel intro\\blog\\vendor\\laravel\\framework\\src\\Illuminate\\Pipeline\\Pipeline.php(163): Illuminate\\Foundation\\Http\\Middleware\\VerifyCsrfToken->handle(Object(Illuminate\\Http\\Request), Object(Closure))
#28 C:\\Users\\izahR\\Desktop\\3ano\\OO II\\3bi\\laravel intro\\blog\\vendor\\laravel\\framework\\src\\Illuminate\\Routing\\Pipeline.php(53): Illuminate\\Pipeline\\Pipeline->Illuminate\\Pipeline\\{closure}(Object(Illuminate\\Http\\Request))
#29 C:\\Users\\izahR\\Desktop\\3ano\\OO II\\3bi\\laravel intro\\blog\\vendor\\laravel\\framework\\src\\Illuminate\\View\\Middleware\\ShareErrorsFromSession.php(49): Illuminate\\Routing\\Pipeline->Illuminate\\Routing\\{closure}(Object(Illuminate\\Http\\Request))
#30 C:\\Users\\izahR\\Desktop\\3ano\\OO II\\3bi\\laravel intro\\blog\\vendor\\laravel\\framework\\src\\Illuminate\\Pipeline\\Pipeline.php(163): Illuminate\\View\\Middleware\\ShareErrorsFromSession->handle(Object(Illuminate\\Http\\Request), Object(Closure))
#31 C:\\Users\\izahR\\Desktop\\3ano\\OO II\\3bi\\laravel intro\\blog\\vendor\\laravel\\framework\\src\\Illuminate\\Routing\\Pipeline.php(53): Illuminate\\Pipeline\\Pipeline->Illuminate\\Pipeline\\{closure}(Object(Illuminate\\Http\\Request))
#32 C:\\Users\\izahR\\Desktop\\3ano\\OO II\\3bi\\laravel intro\\blog\\vendor\\laravel\\framework\\src\\Illuminate\\Session\\Middleware\\StartSession.php(56): Illuminate\\Routing\\Pipeline->Illuminate\\Routing\\{closure}(Object(Illuminate\\Http\\Request))
#33 C:\\Users\\izahR\\Desktop\\3ano\\OO II\\3bi\\laravel intro\\blog\\vendor\\laravel\\framework\\src\\Illuminate\\Pipeline\\Pipeline.php(163): Illuminate\\Session\\Middleware\\StartSession->handle(Object(Illuminate\\Http\\Request), Object(Closure))
#34 C:\\Users\\izahR\\Desktop\\3ano\\OO II\\3bi\\laravel intro\\blog\\vendor\\laravel\\framework\\src\\Illuminate\\Routing\\Pipeline.php(53): Illuminate\\Pipeline\\Pipeline->Illuminate\\Pipeline\\{closure}(Object(Illuminate\\Http\\Request))
#35 C:\\Users\\izahR\\Desktop\\3ano\\OO II\\3bi\\laravel intro\\blog\\vendor\\laravel\\framework\\src\\Illuminate\\Cookie\\Middleware\\AddQueuedCookiesToResponse.php(37): Illuminate\\Routing\\Pipeline->Illuminate\\Routing\\{closure}(Object(Illuminate\\Http\\Request))
#36 C:\\Users\\izahR\\Desktop\\3ano\\OO II\\3bi\\laravel intro\\blog\\vendor\\laravel\\framework\\src\\Illuminate\\Pipeline\\Pipeline.php(163): Illuminate\\Cookie\\Middleware\\AddQueuedCookiesToResponse->handle(Object(Illuminate\\Http\\Request), Object(Closure))
#37 C:\\Users\\izahR\\Desktop\\3ano\\OO II\\3bi\\laravel intro\\blog\\vendor\\laravel\\framework\\src\\Illuminate\\Routing\\Pipeline.php(53): Illuminate\\Pipeline\\Pipeline->Illuminate\\Pipeline\\{closure}(Object(Illuminate\\Http\\Request))
#38 C:\\Users\\izahR\\Desktop\\3ano\\OO II\\3bi\\laravel intro\\blog\\vendor\\laravel\\framework\\src\\Illuminate\\Cookie\\Middleware\\EncryptCookies.php(66): Illuminate\\Routing\\Pipeline->Illuminate\\Routing\\{closure}(Object(Illuminate\\Http\\Request))
#39 C:\\Users\\izahR\\Desktop\\3ano\\OO II\\3bi\\laravel intro\\blog\\vendor\\laravel\\framework\\src\\Illuminate\\Pipeline\\Pipeline.php(163): Illuminate\\Cookie\\Middleware\\EncryptCookies->handle(Object(Illuminate\\Http\\Request), Object(Closure))
#40 C:\\Users\\izahR\\Desktop\\3ano\\OO II\\3bi\\laravel intro\\blog\\vendor\\laravel\\framework\\src\\Illuminate\\Routing\\Pipeline.php(53): Illuminate\\Pipeline\\Pipeline->Illuminate\\Pipeline\\{closure}(Object(Illuminate\\Http\\Request))
#41 C:\\Users\\izahR\\Desktop\\3ano\\OO II\\3bi\\laravel intro\\blog\\vendor\\laravel\\framework\\src\\Illuminate\\Pipeline\\Pipeline.php(104): Illuminate\\Routing\\Pipeline->Illuminate\\Routing\\{closure}(Object(Illuminate\\Http\\Request))
#42 C:\\Users\\izahR\\Desktop\\3ano\\OO II\\3bi\\laravel intro\\blog\\vendor\\laravel\\framework\\src\\Illuminate\\Routing\\Router.php(682): Illuminate\\Pipeline\\Pipeline->then(Object(Closure))
#43 C:\\Users\\izahR\\Desktop\\3ano\\OO II\\3bi\\laravel intro\\blog\\vendor\\laravel\\framework\\src\\Illuminate\\Routing\\Router.php(657): Illuminate\\Routing\\Router->runRouteWithinStack(Object(Illuminate\\Routing\\Route), Object(Illuminate\\Http\\Request))
#44 C:\\Users\\izahR\\Desktop\\3ano\\OO II\\3bi\\laravel intro\\blog\\vendor\\laravel\\framework\\src\\Illuminate\\Routing\\Router.php(623): Illuminate\\Routing\\Router->runRoute(Object(Illuminate\\Http\\Request), Object(Illuminate\\Routing\\Route))
#45 C:\\Users\\izahR\\Desktop\\3ano\\OO II\\3bi\\laravel intro\\blog\\vendor\\laravel\\framework\\src\\Illuminate\\Routing\\Router.php(612): Illuminate\\Routing\\Router->dispatchToRoute(Object(Illuminate\\Http\\Request))
#46 C:\\Users\\izahR\\Desktop\\3ano\\OO II\\3bi\\laravel intro\\blog\\vendor\\laravel\\framework\\src\\Illuminate\\Foundation\\Http\\Kernel.php(176): Illuminate\\Routing\\Router->dispatch(Object(Illuminate\\Http\\Request))
#47 C:\\Users\\izahR\\Desktop\\3ano\\OO II\\3bi\\laravel intro\\blog\\vendor\\laravel\\framework\\src\\Illuminate\\Routing\\Pipeline.php(30): Illuminate\\Foundation\\Http\\Kernel->Illuminate\\Foundation\\Http\\{closure}(Object(Illuminate\\Http\\Request))
#48 C:\\Users\\izahR\\Desktop\\3ano\\OO II\\3bi\\laravel intro\\blog\\vendor\\fideloper\\proxy\\src\\TrustProxies.php(57): Illuminate\\Routing\\Pipeline->Illuminate\\Routing\\{closure}(Object(Illuminate\\Http\\Request))
#49 C:\\Users\\izahR\\Desktop\\3ano\\OO II\\3bi\\laravel intro\\blog\\vendor\\laravel\\framework\\src\\Illuminate\\Pipeline\\Pipeline.php(163): Fideloper\\Proxy\\TrustProxies->handle(Object(Illuminate\\Http\\Request), Object(Closure))
#50 C:\\Users\\izahR\\Desktop\\3ano\\OO II\\3bi\\laravel intro\\blog\\vendor\\laravel\\framework\\src\\Illuminate\\Routing\\Pipeline.php(53): Illuminate\\Pipeline\\Pipeline->Illuminate\\Pipeline\\{closure}(Object(Illuminate\\Http\\Request))
#51 C:\\Users\\izahR\\Desktop\\3ano\\OO II\\3bi\\laravel intro\\blog\\vendor\\laravel\\framework\\src\\Illuminate\\Foundation\\Http\\Middleware\\TransformsRequest.php(21): Illuminate\\Routing\\Pipeline->Illuminate\\Routing\\{closure}(Object(Illuminate\\Http\\Request))
#52 C:\\Users\\izahR\\Desktop\\3ano\\OO II\\3bi\\laravel intro\\blog\\vendor\\laravel\\framework\\src\\Illuminate\\Pipeline\\Pipeline.php(163): Illuminate\\Foundation\\Http\\Middleware\\TransformsRequest->handle(Object(Illuminate\\Http\\Request), Object(Closure))
#53 C:\\Users\\izahR\\Desktop\\3ano\\OO II\\3bi\\laravel intro\\blog\\vendor\\laravel\\framework\\src\\Illuminate\\Routing\\Pipeline.php(53): Illuminate\\Pipeline\\Pipeline->Illuminate\\Pipeline\\{closure}(Object(Illuminate\\Http\\Request))
#54 C:\\Users\\izahR\\Desktop\\3ano\\OO II\\3bi\\laravel intro\\blog\\vendor\\laravel\\framework\\src\\Illuminate\\Foundation\\Http\\Middleware\\TransformsRequest.php(21): Illuminate\\Routing\\Pipeline->Illuminate\\Routing\\{closure}(Object(Illuminate\\Http\\Request))
#55 C:\\Users\\izahR\\Desktop\\3ano\\OO II\\3bi\\laravel intro\\blog\\vendor\\laravel\\framework\\src\\Illuminate\\Pipeline\\Pipeline.php(163): Illuminate\\Foundation\\Http\\Middleware\\TransformsRequest->handle(Object(Illuminate\\Http\\Request), Object(Closure))
#56 C:\\Users\\izahR\\Desktop\\3ano\\OO II\\3bi\\laravel intro\\blog\\vendor\\laravel\\framework\\src\\Illuminate\\Routing\\Pipeline.php(53): Illuminate\\Pipeline\\Pipeline->Illuminate\\Pipeline\\{closure}(Object(Illuminate\\Http\\Request))
#57 C:\\Users\\izahR\\Desktop\\3ano\\OO II\\3bi\\laravel intro\\blog\\vendor\\laravel\\framework\\src\\Illuminate\\Foundation\\Http\\Middleware\\ValidatePostSize.php(27): Illuminate\\Routing\\Pipeline->Illuminate\\Routing\\{closure}(Object(Illuminate\\Http\\Request))
#58 C:\\Users\\izahR\\Desktop\\3ano\\OO II\\3bi\\laravel intro\\blog\\vendor\\laravel\\framework\\src\\Illuminate\\Pipeline\\Pipeline.php(163): Illuminate\\Foundation\\Http\\Middleware\\ValidatePostSize->handle(Object(Illuminate\\Http\\Request), Object(Closure))
#59 C:\\Users\\izahR\\Desktop\\3ano\\OO II\\3bi\\laravel intro\\blog\\vendor\\laravel\\framework\\src\\Illuminate\\Routing\\Pipeline.php(53): Illuminate\\Pipeline\\Pipeline->Illuminate\\Pipeline\\{closure}(Object(Illuminate\\Http\\Request))
#60 C:\\Users\\izahR\\Desktop\\3ano\\OO II\\3bi\\laravel intro\\blog\\vendor\\laravel\\framework\\src\\Illuminate\\Foundation\\Http\\Middleware\\CheckForMaintenanceMode.php(62): Illuminate\\Routing\\Pipeline->Illuminate\\Routing\\{closure}(Object(Illuminate\\Http\\Request))
#61 C:\\Users\\izahR\\Desktop\\3ano\\OO II\\3bi\\laravel intro\\blog\\vendor\\laravel\\framework\\src\\Illuminate\\Pipeline\\Pipeline.php(163): Illuminate\\Foundation\\Http\\Middleware\\CheckForMaintenanceMode->handle(Object(Illuminate\\Http\\Request), Object(Closure))
#62 C:\\Users\\izahR\\Desktop\\3ano\\OO II\\3bi\\laravel intro\\blog\\vendor\\laravel\\framework\\src\\Illuminate\\Routing\\Pipeline.php(53): Illuminate\\Pipeline\\Pipeline->Illuminate\\Pipeline\\{closure}(Object(Illuminate\\Http\\Request))
#63 C:\\Users\\izahR\\Desktop\\3ano\\OO II\\3bi\\laravel intro\\blog\\vendor\\laravel\\framework\\src\\Illuminate\\Pipeline\\Pipeline.php(104): Illuminate\\Routing\\Pipeline->Illuminate\\Routing\\{closure}(Object(Illuminate\\Http\\Request))
#64 C:\\Users\\izahR\\Desktop\\3ano\\OO II\\3bi\\laravel intro\\blog\\vendor\\laravel\\framework\\src\\Illuminate\\Foundation\\Http\\Kernel.php(151): Illuminate\\Pipeline\\Pipeline->then(Object(Closure))
#65 C:\\Users\\izahR\\Desktop\\3ano\\OO II\\3bi\\laravel intro\\blog\\vendor\\laravel\\framework\\src\\Illuminate\\Foundation\\Http\\Kernel.php(116): Illuminate\\Foundation\\Http\\Kernel->sendRequestThroughRouter(Object(Illuminate\\Http\\Request))
#66 C:\\Users\\izahR\\Desktop\\3ano\\OO II\\3bi\\laravel intro\\blog\\public\\index.php(55): Illuminate\\Foundation\\Http\\Kernel->handle(Object(Illuminate\\Http\\Request))
#67 C:\\Users\\izahR\\Desktop\\3ano\\OO II\\3bi\\laravel intro\\blog\\server.php(21): require_once('C:\\\\Users\\\\izahR\\\\...')
#68 {main}
"} 
[2019-09-29 20:43:27] local.ERROR: SQLSTATE[42S02]: Base table or view not found: 1146 Table 'laravel.tasks' doesn't exist (SQL: select count(*) as aggregate from `tasks`) {"userId":1,"exception":"[object] (Illuminate\\Database\\QueryException(code: 42S02): SQLSTATE[42S02]: Base table or view not found: 1146 Table 'laravel.tasks' doesn't exist (SQL: select count(*) as aggregate from `tasks`) at C:\\Users\\izahR\\Desktop\\3ano\\OO II\\3bi\\laravel intro\\blog\\vendor\\laravel\\framework\\src\\Illuminate\\Database\\Connection.php:664, PDOException(code: 42S02): SQLSTATE[42S02]: Base table or view not found: 1146 Table 'laravel.tasks' doesn't exist at C:\\Users\\izahR\\Desktop\\3ano\\OO II\\3bi\\laravel intro\\blog\\vendor\\laravel\\framework\\src\\Illuminate\\Database\\Connection.php:326)
[stacktrace]
#0 C:\\Users\\izahR\\Desktop\\3ano\\OO II\\3bi\\laravel intro\\blog\\vendor\\laravel\\framework\\src\\Illuminate\\Database\\Connection.php(624): Illuminate\\Database\\Connection->runQueryCallback('select count(*)...', Array, Object(Closure))
#1 C:\\Users\\izahR\\Desktop\\3ano\\OO II\\3bi\\laravel intro\\blog\\vendor\\laravel\\framework\\src\\Illuminate\\Database\\Connection.php(333): Illuminate\\Database\\Connection->run('select count(*)...', Array, Object(Closure))
#2 C:\\Users\\izahR\\Desktop\\3ano\\OO II\\3bi\\laravel intro\\blog\\vendor\\laravel\\framework\\src\\Illuminate\\Database\\Query\\Builder.php(2130): Illuminate\\Database\\Connection->select('select count(*)...', Array, true)
#3 C:\\Users\\izahR\\Desktop\\3ano\\OO II\\3bi\\laravel intro\\blog\\vendor\\laravel\\framework\\src\\Illuminate\\Database\\Query\\Builder.php(2118): Illuminate\\Database\\Query\\Builder->runSelect()
#4 C:\\Users\\izahR\\Desktop\\3ano\\OO II\\3bi\\laravel intro\\blog\\vendor\\laravel\\framework\\src\\Illuminate\\Database\\Query\\Builder.php(2604): Illuminate\\Database\\Query\\Builder->Illuminate\\Database\\Query\\{closure}()
#5 C:\\Users\\izahR\\Desktop\\3ano\\OO II\\3bi\\laravel intro\\blog\\vendor\\laravel\\framework\\src\\Illuminate\\Database\\Query\\Builder.php(2119): Illuminate\\Database\\Query\\Builder->onceWithColumns(Array, Object(Closure))
#6 C:\\Users\\izahR\\Desktop\\3ano\\OO II\\3bi\\laravel intro\\blog\\vendor\\laravel\\framework\\src\\Illuminate\\Database\\Query\\Builder.php(2217): Illuminate\\Database\\Query\\Builder->get()
#7 C:\\Users\\izahR\\Desktop\\3ano\\OO II\\3bi\\laravel intro\\blog\\vendor\\laravel\\framework\\src\\Illuminate\\Database\\Query\\Builder.php(2188): Illuminate\\Database\\Query\\Builder->runPaginationCountQuery(Array)
#8 C:\\Users\\izahR\\Desktop\\3ano\\OO II\\3bi\\laravel intro\\blog\\vendor\\laravel\\framework\\src\\Illuminate\\Database\\Eloquent\\Builder.php(750): Illuminate\\Database\\Query\\Builder->getCountForPagination()
#9 C:\\Users\\izahR\\Desktop\\3ano\\OO II\\3bi\\laravel intro\\blog\\vendor\\laravel\\framework\\src\\Illuminate\\Support\\Traits\\ForwardsCalls.php(23): Illuminate\\Database\\Eloquent\\Builder->paginate(3)
#10 C:\\Users\\izahR\\Desktop\\3ano\\OO II\\3bi\\laravel intro\\blog\\vendor\\laravel\\framework\\src\\Illuminate\\Database\\Eloquent\\Model.php(1618): Illuminate\\Database\\Eloquent\\Model->forwardCallTo(Object(Illuminate\\Database\\Eloquent\\Builder), 'paginate', Array)
#11 C:\\Users\\izahR\\Desktop\\3ano\\OO II\\3bi\\laravel intro\\blog\\vendor\\laravel\\framework\\src\\Illuminate\\Database\\Eloquent\\Model.php(1630): Illuminate\\Database\\Eloquent\\Model->__call('paginate', Array)
#12 C:\\Users\\izahR\\Desktop\\3ano\\OO II\\3bi\\laravel intro\\blog\\app\\Http\\Controllers\\TaskController.php(17): Illuminate\\Database\\Eloquent\\Model::__callStatic('paginate', Array)
#13 [internal function]: App\\Http\\Controllers\\TaskController->index()
#14 C:\\Users\\izahR\\Desktop\\3ano\\OO II\\3bi\\laravel intro\\blog\\vendor\\laravel\\framework\\src\\Illuminate\\Routing\\Controller.php(54): call_user_func_array(Array, Array)
#15 C:\\Users\\izahR\\Desktop\\3ano\\OO II\\3bi\\laravel intro\\blog\\vendor\\laravel\\framework\\src\\Illuminate\\Routing\\ControllerDispatcher.php(45): Illuminate\\Routing\\Controller->callAction('index', Array)
#16 C:\\Users\\izahR\\Desktop\\3ano\\OO II\\3bi\\laravel intro\\blog\\vendor\\laravel\\framework\\src\\Illuminate\\Routing\\Route.php(219): Illuminate\\Routing\\ControllerDispatcher->dispatch(Object(Illuminate\\Routing\\Route), Object(App\\Http\\Controllers\\TaskController), 'index')
#17 C:\\Users\\izahR\\Desktop\\3ano\\OO II\\3bi\\laravel intro\\blog\\vendor\\laravel\\framework\\src\\Illuminate\\Routing\\Route.php(176): Illuminate\\Routing\\Route->runController()
#18 C:\\Users\\izahR\\Desktop\\3ano\\OO II\\3bi\\laravel intro\\blog\\vendor\\laravel\\framework\\src\\Illuminate\\Routing\\Router.php(680): Illuminate\\Routing\\Route->run()
#19 C:\\Users\\izahR\\Desktop\\3ano\\OO II\\3bi\\laravel intro\\blog\\vendor\\laravel\\framework\\src\\Illuminate\\Routing\\Pipeline.php(30): Illuminate\\Routing\\Router->Illuminate\\Routing\\{closure}(Object(Illuminate\\Http\\Request))
#20 C:\\Users\\izahR\\Desktop\\3ano\\OO II\\3bi\\laravel intro\\blog\\app\\Http\\Middleware\\Tads.php(23): Illuminate\\Routing\\Pipeline->Illuminate\\Routing\\{closure}(Object(Illuminate\\Http\\Request))
#21 C:\\Users\\izahR\\Desktop\\3ano\\OO II\\3bi\\laravel intro\\blog\\vendor\\laravel\\framework\\src\\Illuminate\\Pipeline\\Pipeline.php(163): App\\Http\\Middleware\\Tads->handle(Object(Illuminate\\Http\\Request), Object(Closure))
#22 C:\\Users\\izahR\\Desktop\\3ano\\OO II\\3bi\\laravel intro\\blog\\vendor\\laravel\\framework\\src\\Illuminate\\Routing\\Pipeline.php(53): Illuminate\\Pipeline\\Pipeline->Illuminate\\Pipeline\\{closure}(Object(Illuminate\\Http\\Request))
#23 C:\\Users\\izahR\\Desktop\\3ano\\OO II\\3bi\\laravel intro\\blog\\vendor\\laravel\\framework\\src\\Illuminate\\Routing\\Middleware\\SubstituteBindings.php(41): Illuminate\\Routing\\Pipeline->Illuminate\\Routing\\{closure}(Object(Illuminate\\Http\\Request))
#24 C:\\Users\\izahR\\Desktop\\3ano\\OO II\\3bi\\laravel intro\\blog\\vendor\\laravel\\framework\\src\\Illuminate\\Pipeline\\Pipeline.php(163): Illuminate\\Routing\\Middleware\\SubstituteBindings->handle(Object(Illuminate\\Http\\Request), Object(Closure))
#25 C:\\Users\\izahR\\Desktop\\3ano\\OO II\\3bi\\laravel intro\\blog\\vendor\\laravel\\framework\\src\\Illuminate\\Routing\\Pipeline.php(53): Illuminate\\Pipeline\\Pipeline->Illuminate\\Pipeline\\{closure}(Object(Illuminate\\Http\\Request))
#26 C:\\Users\\izahR\\Desktop\\3ano\\OO II\\3bi\\laravel intro\\blog\\vendor\\laravel\\framework\\src\\Illuminate\\Foundation\\Http\\Middleware\\VerifyCsrfToken.php(75): Illuminate\\Routing\\Pipeline->Illuminate\\Routing\\{closure}(Object(Illuminate\\Http\\Request))
#27 C:\\Users\\izahR\\Desktop\\3ano\\OO II\\3bi\\laravel intro\\blog\\vendor\\laravel\\framework\\src\\Illuminate\\Pipeline\\Pipeline.php(163): Illuminate\\Foundation\\Http\\Middleware\\VerifyCsrfToken->handle(Object(Illuminate\\Http\\Request), Object(Closure))
#28 C:\\Users\\izahR\\Desktop\\3ano\\OO II\\3bi\\laravel intro\\blog\\vendor\\laravel\\framework\\src\\Illuminate\\Routing\\Pipeline.php(53): Illuminate\\Pipeline\\Pipeline->Illuminate\\Pipeline\\{closure}(Object(Illuminate\\Http\\Request))
#29 C:\\Users\\izahR\\Desktop\\3ano\\OO II\\3bi\\laravel intro\\blog\\vendor\\laravel\\framework\\src\\Illuminate\\View\\Middleware\\ShareErrorsFromSession.php(49): Illuminate\\Routing\\Pipeline->Illuminate\\Routing\\{closure}(Object(Illuminate\\Http\\Request))
#30 C:\\Users\\izahR\\Desktop\\3ano\\OO II\\3bi\\laravel intro\\blog\\vendor\\laravel\\framework\\src\\Illuminate\\Pipeline\\Pipeline.php(163): Illuminate\\View\\Middleware\\ShareErrorsFromSession->handle(Object(Illuminate\\Http\\Request), Object(Closure))
#31 C:\\Users\\izahR\\Desktop\\3ano\\OO II\\3bi\\laravel intro\\blog\\vendor\\laravel\\framework\\src\\Illuminate\\Routing\\Pipeline.php(53): Illuminate\\Pipeline\\Pipeline->Illuminate\\Pipeline\\{closure}(Object(Illuminate\\Http\\Request))
#32 C:\\Users\\izahR\\Desktop\\3ano\\OO II\\3bi\\laravel intro\\blog\\vendor\\laravel\\framework\\src\\Illuminate\\Session\\Middleware\\StartSession.php(56): Illuminate\\Routing\\Pipeline->Illuminate\\Routing\\{closure}(Object(Illuminate\\Http\\Request))
#33 C:\\Users\\izahR\\Desktop\\3ano\\OO II\\3bi\\laravel intro\\blog\\vendor\\laravel\\framework\\src\\Illuminate\\Pipeline\\Pipeline.php(163): Illuminate\\Session\\Middleware\\StartSession->handle(Object(Illuminate\\Http\\Request), Object(Closure))
#34 C:\\Users\\izahR\\Desktop\\3ano\\OO II\\3bi\\laravel intro\\blog\\vendor\\laravel\\framework\\src\\Illuminate\\Routing\\Pipeline.php(53): Illuminate\\Pipeline\\Pipeline->Illuminate\\Pipeline\\{closure}(Object(Illuminate\\Http\\Request))
#35 C:\\Users\\izahR\\Desktop\\3ano\\OO II\\3bi\\laravel intro\\blog\\vendor\\laravel\\framework\\src\\Illuminate\\Cookie\\Middleware\\AddQueuedCookiesToResponse.php(37): Illuminate\\Routing\\Pipeline->Illuminate\\Routing\\{closure}(Object(Illuminate\\Http\\Request))
#36 C:\\Users\\izahR\\Desktop\\3ano\\OO II\\3bi\\laravel intro\\blog\\vendor\\laravel\\framework\\src\\Illuminate\\Pipeline\\Pipeline.php(163): Illuminate\\Cookie\\Middleware\\AddQueuedCookiesToResponse->handle(Object(Illuminate\\Http\\Request), Object(Closure))
#37 C:\\Users\\izahR\\Desktop\\3ano\\OO II\\3bi\\laravel intro\\blog\\vendor\\laravel\\framework\\src\\Illuminate\\Routing\\Pipeline.php(53): Illuminate\\Pipeline\\Pipeline->Illuminate\\Pipeline\\{closure}(Object(Illuminate\\Http\\Request))
#38 C:\\Users\\izahR\\Desktop\\3ano\\OO II\\3bi\\laravel intro\\blog\\vendor\\laravel\\framework\\src\\Illuminate\\Cookie\\Middleware\\EncryptCookies.php(66): Illuminate\\Routing\\Pipeline->Illuminate\\Routing\\{closure}(Object(Illuminate\\Http\\Request))
#39 C:\\Users\\izahR\\Desktop\\3ano\\OO II\\3bi\\laravel intro\\blog\\vendor\\laravel\\framework\\src\\Illuminate\\Pipeline\\Pipeline.php(163): Illuminate\\Cookie\\Middleware\\EncryptCookies->handle(Object(Illuminate\\Http\\Request), Object(Closure))
#40 C:\\Users\\izahR\\Desktop\\3ano\\OO II\\3bi\\laravel intro\\blog\\vendor\\laravel\\framework\\src\\Illuminate\\Routing\\Pipeline.php(53): Illuminate\\Pipeline\\Pipeline->Illuminate\\Pipeline\\{closure}(Object(Illuminate\\Http\\Request))
#41 C:\\Users\\izahR\\Desktop\\3ano\\OO II\\3bi\\laravel intro\\blog\\vendor\\laravel\\framework\\src\\Illuminate\\Pipeline\\Pipeline.php(104): Illuminate\\Routing\\Pipeline->Illuminate\\Routing\\{closure}(Object(Illuminate\\Http\\Request))
#42 C:\\Users\\izahR\\Desktop\\3ano\\OO II\\3bi\\laravel intro\\blog\\vendor\\laravel\\framework\\src\\Illuminate\\Routing\\Router.php(682): Illuminate\\Pipeline\\Pipeline->then(Object(Closure))
#43 C:\\Users\\izahR\\Desktop\\3ano\\OO II\\3bi\\laravel intro\\blog\\vendor\\laravel\\framework\\src\\Illuminate\\Routing\\Router.php(657): Illuminate\\Routing\\Router->runRouteWithinStack(Object(Illuminate\\Routing\\Route), Object(Illuminate\\Http\\Request))
#44 C:\\Users\\izahR\\Desktop\\3ano\\OO II\\3bi\\laravel intro\\blog\\vendor\\laravel\\framework\\src\\Illuminate\\Routing\\Router.php(623): Illuminate\\Routing\\Router->runRoute(Object(Illuminate\\Http\\Request), Object(Illuminate\\Routing\\Route))
#45 C:\\Users\\izahR\\Desktop\\3ano\\OO II\\3bi\\laravel intro\\blog\\vendor\\laravel\\framework\\src\\Illuminate\\Routing\\Router.php(612): Illuminate\\Routing\\Router->dispatchToRoute(Object(Illuminate\\Http\\Request))
#46 C:\\Users\\izahR\\Desktop\\3ano\\OO II\\3bi\\laravel intro\\blog\\vendor\\laravel\\framework\\src\\Illuminate\\Foundation\\Http\\Kernel.php(176): Illuminate\\Routing\\Router->dispatch(Object(Illuminate\\Http\\Request))
#47 C:\\Users\\izahR\\Desktop\\3ano\\OO II\\3bi\\laravel intro\\blog\\vendor\\laravel\\framework\\src\\Illuminate\\Routing\\Pipeline.php(30): Illuminate\\Foundation\\Http\\Kernel->Illuminate\\Foundation\\Http\\{closure}(Object(Illuminate\\Http\\Request))
#48 C:\\Users\\izahR\\Desktop\\3ano\\OO II\\3bi\\laravel intro\\blog\\vendor\\fideloper\\proxy\\src\\TrustProxies.php(57): Illuminate\\Routing\\Pipeline->Illuminate\\Routing\\{closure}(Object(Illuminate\\Http\\Request))
#49 C:\\Users\\izahR\\Desktop\\3ano\\OO II\\3bi\\laravel intro\\blog\\vendor\\laravel\\framework\\src\\Illuminate\\Pipeline\\Pipeline.php(163): Fideloper\\Proxy\\TrustProxies->handle(Object(Illuminate\\Http\\Request), Object(Closure))
#50 C:\\Users\\izahR\\Desktop\\3ano\\OO II\\3bi\\laravel intro\\blog\\vendor\\laravel\\framework\\src\\Illuminate\\Routing\\Pipeline.php(53): Illuminate\\Pipeline\\Pipeline->Illuminate\\Pipeline\\{closure}(Object(Illuminate\\Http\\Request))
#51 C:\\Users\\izahR\\Desktop\\3ano\\OO II\\3bi\\laravel intro\\blog\\vendor\\laravel\\framework\\src\\Illuminate\\Foundation\\Http\\Middleware\\TransformsRequest.php(21): Illuminate\\Routing\\Pipeline->Illuminate\\Routing\\{closure}(Object(Illuminate\\Http\\Request))
#52 C:\\Users\\izahR\\Desktop\\3ano\\OO II\\3bi\\laravel intro\\blog\\vendor\\laravel\\framework\\src\\Illuminate\\Pipeline\\Pipeline.php(163): Illuminate\\Foundation\\Http\\Middleware\\TransformsRequest->handle(Object(Illuminate\\Http\\Request), Object(Closure))
#53 C:\\Users\\izahR\\Desktop\\3ano\\OO II\\3bi\\laravel intro\\blog\\vendor\\laravel\\framework\\src\\Illuminate\\Routing\\Pipeline.php(53): Illuminate\\Pipeline\\Pipeline->Illuminate\\Pipeline\\{closure}(Object(Illuminate\\Http\\Request))
#54 C:\\Users\\izahR\\Desktop\\3ano\\OO II\\3bi\\laravel intro\\blog\\vendor\\laravel\\framework\\src\\Illuminate\\Foundation\\Http\\Middleware\\TransformsRequest.php(21): Illuminate\\Routing\\Pipeline->Illuminate\\Routing\\{closure}(Object(Illuminate\\Http\\Request))
#55 C:\\Users\\izahR\\Desktop\\3ano\\OO II\\3bi\\laravel intro\\blog\\vendor\\laravel\\framework\\src\\Illuminate\\Pipeline\\Pipeline.php(163): Illuminate\\Foundation\\Http\\Middleware\\TransformsRequest->handle(Object(Illuminate\\Http\\Request), Object(Closure))
#56 C:\\Users\\izahR\\Desktop\\3ano\\OO II\\3bi\\laravel intro\\blog\\vendor\\laravel\\framework\\src\\Illuminate\\Routing\\Pipeline.php(53): Illuminate\\Pipeline\\Pipeline->Illuminate\\Pipeline\\{closure}(Object(Illuminate\\Http\\Request))
#57 C:\\Users\\izahR\\Desktop\\3ano\\OO II\\3bi\\laravel intro\\blog\\vendor\\laravel\\framework\\src\\Illuminate\\Foundation\\Http\\Middleware\\ValidatePostSize.php(27): Illuminate\\Routing\\Pipeline->Illuminate\\Routing\\{closure}(Object(Illuminate\\Http\\Request))
#58 C:\\Users\\izahR\\Desktop\\3ano\\OO II\\3bi\\laravel intro\\blog\\vendor\\laravel\\framework\\src\\Illuminate\\Pipeline\\Pipeline.php(163): Illuminate\\Foundation\\Http\\Middleware\\ValidatePostSize->handle(Object(Illuminate\\Http\\Request), Object(Closure))
#59 C:\\Users\\izahR\\Desktop\\3ano\\OO II\\3bi\\laravel intro\\blog\\vendor\\laravel\\framework\\src\\Illuminate\\Routing\\Pipeline.php(53): Illuminate\\Pipeline\\Pipeline->Illuminate\\Pipeline\\{closure}(Object(Illuminate\\Http\\Request))
#60 C:\\Users\\izahR\\Desktop\\3ano\\OO II\\3bi\\laravel intro\\blog\\vendor\\laravel\\framework\\src\\Illuminate\\Foundation\\Http\\Middleware\\CheckForMaintenanceMode.php(62): Illuminate\\Routing\\Pipeline->Illuminate\\Routing\\{closure}(Object(Illuminate\\Http\\Request))
#61 C:\\Users\\izahR\\Desktop\\3ano\\OO II\\3bi\\laravel intro\\blog\\vendor\\laravel\\framework\\src\\Illuminate\\Pipeline\\Pipeline.php(163): Illuminate\\Foundation\\Http\\Middleware\\CheckForMaintenanceMode->handle(Object(Illuminate\\Http\\Request), Object(Closure))
#62 C:\\Users\\izahR\\Desktop\\3ano\\OO II\\3bi\\laravel intro\\blog\\vendor\\laravel\\framework\\src\\Illuminate\\Routing\\Pipeline.php(53): Illuminate\\Pipeline\\Pipeline->Illuminate\\Pipeline\\{closure}(Object(Illuminate\\Http\\Request))
#63 C:\\Users\\izahR\\Desktop\\3ano\\OO II\\3bi\\laravel intro\\blog\\vendor\\laravel\\framework\\src\\Illuminate\\Pipeline\\Pipeline.php(104): Illuminate\\Routing\\Pipeline->Illuminate\\Routing\\{closure}(Object(Illuminate\\Http\\Request))
#64 C:\\Users\\izahR\\Desktop\\3ano\\OO II\\3bi\\laravel intro\\blog\\vendor\\laravel\\framework\\src\\Illuminate\\Foundation\\Http\\Kernel.php(151): Illuminate\\Pipeline\\Pipeline->then(Object(Closure))
#65 C:\\Users\\izahR\\Desktop\\3ano\\OO II\\3bi\\laravel intro\\blog\\vendor\\laravel\\framework\\src\\Illuminate\\Foundation\\Http\\Kernel.php(116): Illuminate\\Foundation\\Http\\Kernel->sendRequestThroughRouter(Object(Illuminate\\Http\\Request))
#66 C:\\Users\\izahR\\Desktop\\3ano\\OO II\\3bi\\laravel intro\\blog\\public\\index.php(55): Illuminate\\Foundation\\Http\\Kernel->handle(Object(Illuminate\\Http\\Request))
#67 C:\\Users\\izahR\\Desktop\\3ano\\OO II\\3bi\\laravel intro\\blog\\server.php(21): require_once('C:\\\\Users\\\\izahR\\\\...')
#68 {main}
"} 
