[2019-09-18 00:31:08] local.ERROR: Attribute [midleware] does not exist. {"exception":"[object] (InvalidArgumentException(code: 0): Attribute [midleware] does not exist. at C:\\Users\\izahR\\Desktop\\3ano\\OO II\\3bi\\laravel intro\\blog\\vendor\\laravel\\framework\\src\\Illuminate\\Routing\\RouteRegistrar.php:92)
[stacktrace]
#0 C:\\Users\\izahR\\Desktop\\3ano\\OO II\\3bi\\laravel intro\\blog\\vendor\\laravel\\framework\\src\\Illuminate\\Routing\\Router.php(1275): Illuminate\\Routing\\RouteRegistrar->attribute('midleware', Array)
#1 C:\\Users\\izahR\\Desktop\\3ano\\OO II\\3bi\\laravel intro\\blog\\vendor\\laravel\\framework\\src\\Illuminate\\Support\\Facades\\Facade.php(237): Illuminate\\Routing\\Router->__call('midleware', Array)
#2 C:\\Users\\izahR\\Desktop\\3ano\\OO II\\3bi\\laravel intro\\blog\outes\\web.php(18): Illuminate\\Support\\Facades\\Facade::__callStatic('midleware', Array)
#3 C:\\Users\\izahR\\Desktop\\3ano\\OO II\\3bi\\laravel intro\\blog\\vendor\\laravel\\framework\\src\\Illuminate\\Routing\\RouteFileRegistrar.php(35): require('C:\\\\Users\\\\izahR\\\\...')
#4 C:\\Users\\izahR\\Desktop\\3ano\\OO II\\3bi\\laravel intro\\blog\\vendor\\laravel\\framework\\src\\Illuminate\\Routing\\Router.php(415): Illuminate\\Routing\\RouteFileRegistrar->register('C:\\\\Users\\\\izahR\\\\...')
#5 C:\\Users\\izahR\\Desktop\\3ano\\OO II\\3bi\\laravel intro\\blog\\vendor\\laravel\\framework\\src\\Illuminate\\Routing\\Router.php(373): Illuminate\\Routing\\Router->loadRoutes('C:\\\\Users\\\\izahR\\\\...')
#6 C:\\Users\\izahR\\Desktop\\3ano\\OO II\\3bi\\laravel intro\\blog\\vendor\\laravel\\framework\\src\\Illuminate\\Routing\\RouteRegistrar.php(121): Illuminate\\Routing\\Router->group(Array, 'C:\\\\Users\\\\izahR\\\\...')
#7 C:\\Users\\izahR\\Desktop\\3ano\\OO II\\3bi\\laravel intro\\blog\\app\\Providers\\RouteServiceProvider.php(56): Illuminate\\Routing\\RouteRegistrar->group('C:\\\\Users\\\\izahR\\\\...')
#8 C:\\Users\\izahR\\Desktop\\3ano\\OO II\\3bi\\laravel intro\\blog\\app\\Providers\\RouteServiceProvider.php(40): App\\Providers\\RouteServiceProvider->mapWebRoutes()
#9 [internal function]: App\\Providers\\RouteServiceProvider->map()
#10 C:\\Users\\izahR\\Desktop\\3ano\\OO II\\3bi\\laravel intro\\blog\\vendor\\laravel\\framework\\src\\Illuminate\\Container\\BoundMethod.php(32): call_user_func_array(Array, Array)
#11 C:\\Users\\izahR\\Desktop\\3ano\\OO II\\3bi\\laravel intro\\blog\\vendor\\laravel\\framework\\src\\Illuminate\\Container\\BoundMethod.php(90): Illuminate\\Container\\BoundMethod::Illuminate\\Container\\{closure}()
#12 C:\\Users\\izahR\\Desktop\\3ano\\OO II\\3bi\\laravel intro\\blog\\vendor\\laravel\\framework\\src\\Illuminate\\Container\\BoundMethod.php(34): Illuminate\\Container\\BoundMethod::callBoundMethod(Object(Illuminate\\Foundation\\Application), Array, Object(Closure))
#13 C:\\Users\\izahR\\Desktop\\3ano\\OO II\\3bi\\laravel intro\\blog\\vendor\\laravel\\framework\\src\\Illuminate\\Container\\Container.php(576): Illuminate\\Container\\BoundMethod::call(Object(Illuminate\\Foundation\\Application), Array, Array, NULL)
#14 C:\\Users\\izahR\\Desktop\\3ano\\OO II\\3bi\\laravel intro\\blog\\vendor\\laravel\\framework\\src\\Illuminate\\Foundation\\Support\\Providers\\RouteServiceProvider.php(87): Illuminate\\Container\\Container->call(Array)
#15 C:\\Users\\izahR\\Desktop\\3ano\\OO II\\3bi\\laravel intro\\blog\\vendor\\laravel\\framework\\src\\Illuminate\\Foundation\\Support\\Providers\\RouteServiceProvider.php(36): Illuminate\\Foundation\\Support\\Providers\\RouteServiceProvider->loadRoutes()
#16 C:\\Users\\izahR\\Desktop\\3ano\\OO II\\3bi\\laravel intro\\blog\\app\\Providers\\RouteServiceProvider.php(28): Illuminate\\Foundation\\Support\\Providers\\RouteServiceProvider->boot()
#17 [internal function]: App\\Providers\\RouteServiceProvider->boot()
#18 C:\\Users\\izahR\\Desktop\\3ano\\OO II\\3bi\\laravel intro\\blog\\vendor\\laravel\\framework\\src\\Illuminate\\Container\\BoundMethod.php(32): call_user_func_array(Array, Array)
#19 C:\\Users\\izahR\\Desktop\\3ano\\OO II\\3bi\\laravel intro\\blog\\vendor\\laravel\\framework\\src\\Illuminate\\Container\\BoundMethod.php(90): Illuminate\\Container\\BoundMethod::Illuminate\\Container\\{closure}()
#20 C:\\Users\\izahR\\Desktop\\3ano\\OO II\\3bi\\laravel intro\\blog\\vendor\\laravel\\framework\\src\\Illuminate\\Container\\BoundMethod.php(34): Illuminate\\Container\\BoundMethod::callBoundMethod(Object(Illuminate\\Foundation\\Application), Array, Object(Closure))
#21 C:\\Users\\izahR\\Desktop\\3ano\\OO II\\3bi\\laravel intro\\blog\\vendor\\laravel\\framework\\src\\Illuminate\\Container\\Container.php(576): Illuminate\\Container\\BoundMethod::call(Object(Illuminate\\Foundation\\Application), Array, Array, NULL)
#22 C:\\Users\\izahR\\Desktop\\3ano\\OO II\\3bi\\laravel intro\\blog\\vendor\\laravel\\framework\\src\\Illuminate\\Foundation\\Application.php(827): Illuminate\\Container\\Container->call(Array)
#23 C:\\Users\\izahR\\Desktop\\3ano\\OO II\\3bi\\laravel intro\\blog\\vendor\\laravel\\framework\\src\\Illuminate\\Foundation\\Application.php(810): Illuminate\\Foundation\\Application->bootProvider(Object(App\\Providers\\RouteServiceProvider))
#24 [internal function]: Illuminate\\Foundation\\Application->Illuminate\\Foundation\\{closure}(Object(App\\Providers\\RouteServiceProvider), 20)
#25 C:\\Users\\izahR\\Desktop\\3ano\\OO II\\3bi\\laravel intro\\blog\\vendor\\laravel\\framework\\src\\Illuminate\\Foundation\\Application.php(811): array_walk(Array, Object(Closure))
#26 C:\\Users\\izahR\\Desktop\\3ano\\OO II\\3bi\\laravel intro\\blog\\vendor\\laravel\\framework\\src\\Illuminate\\Foundation\\Bootstrap\\BootProviders.php(17): Illuminate\\Foundation\\Application->boot()
#27 C:\\Users\\izahR\\Desktop\\3ano\\OO II\\3bi\\laravel intro\\blog\\vendor\\laravel\\framework\\src\\Illuminate\\Foundation\\Application.php(210): Illuminate\\Foundation\\Bootstrap\\BootProviders->bootstrap(Object(Illuminate\\Foundation\\Application))
#28 C:\\Users\\izahR\\Desktop\\3ano\\OO II\\3bi\\laravel intro\\blog\\vendor\\laravel\\framework\\src\\Illuminate\\Foundation\\Console\\Kernel.php(322): Illuminate\\Foundation\\Application->bootstrapWith(Array)
#29 C:\\Users\\izahR\\Desktop\\3ano\\OO II\\3bi\\laravel intro\\blog\\vendor\\laravel\\framework\\src\\Illuminate\\Foundation\\Console\\Kernel.php(131): Illuminate\\Foundation\\Console\\Kernel->bootstrap()
#30 C:\\Users\\izahR\\Desktop\\3ano\\OO II\\3bi\\laravel intro\\blog\\artisan(37): Illuminate\\Foundation\\Console\\Kernel->handle(Object(Symfony\\Component\\Console\\Input\\ArgvInput), Object(Symfony\\Component\\Console\\Output\\ConsoleOutput))
#31 {main}
"} 
[2019-09-18 01:27:00] local.ERROR: Use of undefined constant app - assumed 'app' (View: C:\Users\izahR\Desktop\3ano\OO II\3bi\laravel intro\blog\resources\views\layouts\tads.blade.php) (View: C:\Users\izahR\Desktop\3ano\OO II\3bi\laravel intro\blog\resources\views\layouts\tads.blade.php) {"userId":1,"exception":"[object] (ErrorException(code: 0): Use of undefined constant app - assumed 'app' (View: C:\\Users\\izahR\\Desktop\\3ano\\OO II\\3bi\\laravel intro\\blog\esources\\views\\layouts\\tads.blade.php) (View: C:\\Users\\izahR\\Desktop\\3ano\\OO II\\3bi\\laravel intro\\blog\esources\\views\\layouts\\tads.blade.php) at C:\\Users\\izahR\\Desktop\\3ano\\OO II\\3bi\\laravel intro\\blog\\storage\\framework\\views\\2b6c0c3bac9ea9dd22a7e9fbf40349c1b804c2f0.php:4, ErrorException(code: 0): Use of undefined constant app - assumed 'app' (View: C:\\Users\\izahR\\Desktop\\3ano\\OO II\\3bi\\laravel intro\\blog\esources\\views\\layouts\\tads.blade.php) at C:\\Users\\izahR\\Desktop\\3ano\\OO II\\3bi\\laravel intro\\blog\\storage\\framework\\views\\2b6c0c3bac9ea9dd22a7e9fbf40349c1b804c2f0.php:4, ErrorException(code: 0): Use of undefined constant app - assumed 'app' at C:\\Users\\izahR\\Desktop\\3ano\\OO II\\3bi\\laravel intro\\blog\\storage\\framework\\views\\2b6c0c3bac9ea9dd22a7e9fbf40349c1b804c2f0.php:4)
[stacktrace]
#0 C:\\Users\\izahR\\Desktop\\3ano\\OO II\\3bi\\laravel intro\\blog\\vendor\\laravel\\framework\\src\\Illuminate\\View\\Engines\\PhpEngine.php(45): Illuminate\\View\\Engines\\CompilerEngine->handleViewException(Object(ErrorException), 1)
#1 C:\\Users\\izahR\\Desktop\\3ano\\OO II\\3bi\\laravel intro\\blog\\vendor\\laravel\\framework\\src\\Illuminate\\View\\Engines\\CompilerEngine.php(59): Illuminate\\View\\Engines\\PhpEngine->evaluatePath('C:\\\\Users\\\\izahR\\\\...', Array)
#2 C:\\Users\\izahR\\Desktop\\3ano\\OO II\\3bi\\laravel intro\\blog\\vendor\\laravel\\framework\\src\\Illuminate\\View\\View.php(142): Illuminate\\View\\Engines\\CompilerEngine->get('C:\\\\Users\\\\izahR\\\\...', Array)
#3 C:\\Users\\izahR\\Desktop\\3ano\\OO II\\3bi\\laravel intro\\blog\\vendor\\laravel\\framework\\src\\Illuminate\\View\\View.php(125): Illuminate\\View\\View->getContents()
#4 C:\\Users\\izahR\\Desktop\\3ano\\OO II\\3bi\\laravel intro\\blog\\vendor\\laravel\\framework\\src\\Illuminate\\View\\View.php(90): Illuminate\\View\\View->renderContents()
#5 C:\\Users\\izahR\\Desktop\\3ano\\OO II\\3bi\\laravel intro\\blog\\vendor\\laravel\\framework\\src\\Illuminate\\Http\\Response.php(42): Illuminate\\View\\View->render()
#6 C:\\Users\\izahR\\Desktop\\3ano\\OO II\\3bi\\laravel intro\\blog\\vendor\\symfony\\http-foundation\\Response.php(202): Illuminate\\Http\\Response->setContent(Object(Illuminate\\View\\View))
#7 C:\\Users\\izahR\\Desktop\\3ano\\OO II\\3bi\\laravel intro\\blog\\vendor\\laravel\\framework\\src\\Illuminate\\Routing\\Router.php(748): Symfony\\Component\\HttpFoundation\\Response->__construct(Object(Illuminate\\View\\View))
#8 C:\\Users\\izahR\\Desktop\\3ano\\OO II\\3bi\\laravel intro\\blog\\vendor\\laravel\\framework\\src\\Illuminate\\Routing\\Router.php(720): Illuminate\\Routing\\Router::toResponse(Object(Illuminate\\Http\\Request), Object(Illuminate\\View\\View))
#9 C:\\Users\\izahR\\Desktop\\3ano\\OO II\\3bi\\laravel intro\\blog\\vendor\\laravel\\framework\\src\\Illuminate\\Routing\\Router.php(680): Illuminate\\Routing\\Router->prepareResponse(Object(Illuminate\\Http\\Request), Object(Illuminate\\View\\View))
#10 C:\\Users\\izahR\\Desktop\\3ano\\OO II\\3bi\\laravel intro\\blog\\vendor\\laravel\\framework\\src\\Illuminate\\Routing\\Pipeline.php(30): Illuminate\\Routing\\Router->Illuminate\\Routing\\{closure}(Object(Illuminate\\Http\\Request))
#11 C:\\Users\\izahR\\Desktop\\3ano\\OO II\\3bi\\laravel intro\\blog\\app\\Http\\Middleware\\Tads.php(23): Illuminate\\Routing\\Pipeline->Illuminate\\Routing\\{closure}(Object(Illuminate\\Http\\Request))
#12 C:\\Users\\izahR\\Desktop\\3ano\\OO II\\3bi\\laravel intro\\blog\\vendor\\laravel\\framework\\src\\Illuminate\\Pipeline\\Pipeline.php(163): App\\Http\\Middleware\\Tads->handle(Object(Illuminate\\Http\\Request), Object(Closure))
#13 C:\\Users\\izahR\\Desktop\\3ano\\OO II\\3bi\\laravel intro\\blog\\vendor\\laravel\\framework\\src\\Illuminate\\Routing\\Pipeline.php(53): Illuminate\\Pipeline\\Pipeline->Illuminate\\Pipeline\\{closure}(Object(Illuminate\\Http\\Request))
#14 C:\\Users\\izahR\\Desktop\\3ano\\OO II\\3bi\\laravel intro\\blog\\vendor\\laravel\\framework\\src\\Illuminate\\Routing\\Middleware\\SubstituteBindings.php(41): Illuminate\\Routing\\Pipeline->Illuminate\\Routing\\{closure}(Object(Illuminate\\Http\\Request))
#15 C:\\Users\\izahR\\Desktop\\3ano\\OO II\\3bi\\laravel intro\\blog\\vendor\\laravel\\framework\\src\\Illuminate\\Pipeline\\Pipeline.php(163): Illuminate\\Routing\\Middleware\\SubstituteBindings->handle(Object(Illuminate\\Http\\Request), Object(Closure))
#16 C:\\Users\\izahR\\Desktop\\3ano\\OO II\\3bi\\laravel intro\\blog\\vendor\\laravel\\framework\\src\\Illuminate\\Routing\\Pipeline.php(53): Illuminate\\Pipeline\\Pipeline->Illuminate\\Pipeline\\{closure}(Object(Illuminate\\Http\\Request))
#17 C:\\Users\\izahR\\Desktop\\3ano\\OO II\\3bi\\laravel intro\\blog\\vendor\\laravel\\framework\\src\\Illuminate\\Foundation\\Http\\Middleware\\VerifyCsrfToken.php(75): Illuminate\\Routing\\Pipeline->Illuminate\\Routing\\{closure}(Object(Illuminate\\Http\\Request))
#18 C:\\Users\\izahR\\Desktop\\3ano\\OO II\\3bi\\laravel intro\\blog\\vendor\\laravel\\framework\\src\\Illuminate\\Pipeline\\Pipeline.php(163): Illuminate\\Foundation\\Http\\Middleware\\VerifyCsrfToken->handle(Object(Illuminate\\Http\\Request), Object(Closure))
#19 C:\\Users\\izahR\\Desktop\\3ano\\OO II\\3bi\\laravel intro\\blog\\vendor\\laravel\\framework\\src\\Illuminate\\Routing\\Pipeline.php(53): Illuminate\\Pipeline\\Pipeline->Illuminate\\Pipeline\\{closure}(Object(Illuminate\\Http\\Request))
#20 C:\\Users\\izahR\\Desktop\\3ano\\OO II\\3bi\\laravel intro\\blog\\vendor\\laravel\\framework\\src\\Illuminate\\View\\Middleware\\ShareErrorsFromSession.php(49): Illuminate\\Routing\\Pipeline->Illuminate\\Routing\\{closure}(Object(Illuminate\\Http\\Request))
#21 C:\\Users\\izahR\\Desktop\\3ano\\OO II\\3bi\\laravel intro\\blog\\vendor\\laravel\\framework\\src\\Illuminate\\Pipeline\\Pipeline.php(163): Illuminate\\View\\Middleware\\ShareErrorsFromSession->handle(Object(Illuminate\\Http\\Request), Object(Closure))
#22 C:\\Users\\izahR\\Desktop\\3ano\\OO II\\3bi\\laravel intro\\blog\\vendor\\laravel\\framework\\src\\Illuminate\\Routing\\Pipeline.php(53): Illuminate\\Pipeline\\Pipeline->Illuminate\\Pipeline\\{closure}(Object(Illuminate\\Http\\Request))
#23 C:\\Users\\izahR\\Desktop\\3ano\\OO II\\3bi\\laravel intro\\blog\\vendor\\laravel\\framework\\src\\Illuminate\\Session\\Middleware\\StartSession.php(56): Illuminate\\Routing\\Pipeline->Illuminate\\Routing\\{closure}(Object(Illuminate\\Http\\Request))
#24 C:\\Users\\izahR\\Desktop\\3ano\\OO II\\3bi\\laravel intro\\blog\\vendor\\laravel\\framework\\src\\Illuminate\\Pipeline\\Pipeline.php(163): Illuminate\\Session\\Middleware\\StartSession->handle(Object(Illuminate\\Http\\Request), Object(Closure))
#25 C:\\Users\\izahR\\Desktop\\3ano\\OO II\\3bi\\laravel intro\\blog\\vendor\\laravel\\framework\\src\\Illuminate\\Routing\\Pipeline.php(53): Illuminate\\Pipeline\\Pipeline->Illuminate\\Pipeline\\{closure}(Object(Illuminate\\Http\\Request))
#26 C:\\Users\\izahR\\Desktop\\3ano\\OO II\\3bi\\laravel intro\\blog\\vendor\\laravel\\framework\\src\\Illuminate\\Cookie\\Middleware\\AddQueuedCookiesToResponse.php(37): Illuminate\\Routing\\Pipeline->Illuminate\\Routing\\{closure}(Object(Illuminate\\Http\\Request))
#27 C:\\Users\\izahR\\Desktop\\3ano\\OO II\\3bi\\laravel intro\\blog\\vendor\\laravel\\framework\\src\\Illuminate\\Pipeline\\Pipeline.php(163): Illuminate\\Cookie\\Middleware\\AddQueuedCookiesToResponse->handle(Object(Illuminate\\Http\\Request), Object(Closure))
#28 C:\\Users\\izahR\\Desktop\\3ano\\OO II\\3bi\\laravel intro\\blog\\vendor\\laravel\\framework\\src\\Illuminate\\Routing\\Pipeline.php(53): Illuminate\\Pipeline\\Pipeline->Illuminate\\Pipeline\\{closure}(Object(Illuminate\\Http\\Request))
#29 C:\\Users\\izahR\\Desktop\\3ano\\OO II\\3bi\\laravel intro\\blog\\vendor\\laravel\\framework\\src\\Illuminate\\Cookie\\Middleware\\EncryptCookies.php(66): Illuminate\\Routing\\Pipeline->Illuminate\\Routing\\{closure}(Object(Illuminate\\Http\\Request))
#30 C:\\Users\\izahR\\Desktop\\3ano\\OO II\\3bi\\laravel intro\\blog\\vendor\\laravel\\framework\\src\\Illuminate\\Pipeline\\Pipeline.php(163): Illuminate\\Cookie\\Middleware\\EncryptCookies->handle(Object(Illuminate\\Http\\Request), Object(Closure))
#31 C:\\Users\\izahR\\Desktop\\3ano\\OO II\\3bi\\laravel intro\\blog\\vendor\\laravel\\framework\\src\\Illuminate\\Routing\\Pipeline.php(53): Illuminate\\Pipeline\\Pipeline->Illuminate\\Pipeline\\{closure}(Object(Illuminate\\Http\\Request))
#32 C:\\Users\\izahR\\Desktop\\3ano\\OO II\\3bi\\laravel intro\\blog\\vendor\\laravel\\framework\\src\\Illuminate\\Pipeline\\Pipeline.php(104): Illuminate\\Routing\\Pipeline->Illuminate\\Routing\\{closure}(Object(Illuminate\\Http\\Request))
#33 C:\\Users\\izahR\\Desktop\\3ano\\OO II\\3bi\\laravel intro\\blog\\vendor\\laravel\\framework\\src\\Illuminate\\Routing\\Router.php(682): Illuminate\\Pipeline\\Pipeline->then(Object(Closure))
#34 C:\\Users\\izahR\\Desktop\\3ano\\OO II\\3bi\\laravel intro\\blog\\vendor\\laravel\\framework\\src\\Illuminate\\Routing\\Router.php(657): Illuminate\\Routing\\Router->runRouteWithinStack(Object(Illuminate\\Routing\\Route), Object(Illuminate\\Http\\Request))
#35 C:\\Users\\izahR\\Desktop\\3ano\\OO II\\3bi\\laravel intro\\blog\\vendor\\laravel\\framework\\src\\Illuminate\\Routing\\Router.php(623): Illuminate\\Routing\\Router->runRoute(Object(Illuminate\\Http\\Request), Object(Illuminate\\Routing\\Route))
#36 C:\\Users\\izahR\\Desktop\\3ano\\OO II\\3bi\\laravel intro\\blog\\vendor\\laravel\\framework\\src\\Illuminate\\Routing\\Router.php(612): Illuminate\\Routing\\Router->dispatchToRoute(Object(Illuminate\\Http\\Request))
#37 C:\\Users\\izahR\\Desktop\\3ano\\OO II\\3bi\\laravel intro\\blog\\vendor\\laravel\\framework\\src\\Illuminate\\Foundation\\Http\\Kernel.php(176): Illuminate\\Routing\\Router->dispatch(Object(Illuminate\\Http\\Request))
#38 C:\\Users\\izahR\\Desktop\\3ano\\OO II\\3bi\\laravel intro\\blog\\vendor\\laravel\\framework\\src\\Illuminate\\Routing\\Pipeline.php(30): Illuminate\\Foundation\\Http\\Kernel->Illuminate\\Foundation\\Http\\{closure}(Object(Illuminate\\Http\\Request))
#39 C:\\Users\\izahR\\Desktop\\3ano\\OO II\\3bi\\laravel intro\\blog\\vendor\\fideloper\\proxy\\src\\TrustProxies.php(57): Illuminate\\Routing\\Pipeline->Illuminate\\Routing\\{closure}(Object(Illuminate\\Http\\Request))
#40 C:\\Users\\izahR\\Desktop\\3ano\\OO II\\3bi\\laravel intro\\blog\\vendor\\laravel\\framework\\src\\Illuminate\\Pipeline\\Pipeline.php(163): Fideloper\\Proxy\\TrustProxies->handle(Object(Illuminate\\Http\\Request), Object(Closure))
#41 C:\\Users\\izahR\\Desktop\\3ano\\OO II\\3bi\\laravel intro\\blog\\vendor\\laravel\\framework\\src\\Illuminate\\Routing\\Pipeline.php(53): Illuminate\\Pipeline\\Pipeline->Illuminate\\Pipeline\\{closure}(Object(Illuminate\\Http\\Request))
#42 C:\\Users\\izahR\\Desktop\\3ano\\OO II\\3bi\\laravel intro\\blog\\vendor\\laravel\\framework\\src\\Illuminate\\Foundation\\Http\\Middleware\\TransformsRequest.php(21): Illuminate\\Routing\\Pipeline->Illuminate\\Routing\\{closure}(Object(Illuminate\\Http\\Request))
#43 C:\\Users\\izahR\\Desktop\\3ano\\OO II\\3bi\\laravel intro\\blog\\vendor\\laravel\\framework\\src\\Illuminate\\Pipeline\\Pipeline.php(163): Illuminate\\Foundation\\Http\\Middleware\\TransformsRequest->handle(Object(Illuminate\\Http\\Request), Object(Closure))
#44 C:\\Users\\izahR\\Desktop\\3ano\\OO II\\3bi\\laravel intro\\blog\\vendor\\laravel\\framework\\src\\Illuminate\\Routing\\Pipeline.php(53): Illuminate\\Pipeline\\Pipeline->Illuminate\\Pipeline\\{closure}(Object(Illuminate\\Http\\Request))
#45 C:\\Users\\izahR\\Desktop\\3ano\\OO II\\3bi\\laravel intro\\blog\\vendor\\laravel\\framework\\src\\Illuminate\\Foundation\\Http\\Middleware\\TransformsRequest.php(21): Illuminate\\Routing\\Pipeline->Illuminate\\Routing\\{closure}(Object(Illuminate\\Http\\Request))
#46 C:\\Users\\izahR\\Desktop\\3ano\\OO II\\3bi\\laravel intro\\blog\\vendor\\laravel\\framework\\src\\Illuminate\\Pipeline\\Pipeline.php(163): Illuminate\\Foundation\\Http\\Middleware\\TransformsRequest->handle(Object(Illuminate\\Http\\Request), Object(Closure))
#47 C:\\Users\\izahR\\Desktop\\3ano\\OO II\\3bi\\laravel intro\\blog\\vendor\\laravel\\framework\\src\\Illuminate\\Routing\\Pipeline.php(53): Illuminate\\Pipeline\\Pipeline->Illuminate\\Pipeline\\{closure}(Object(Illuminate\\Http\\Request))
#48 C:\\Users\\izahR\\Desktop\\3ano\\OO II\\3bi\\laravel intro\\blog\\vendor\\laravel\\framework\\src\\Illuminate\\Foundation\\Http\\Middleware\\ValidatePostSize.php(27): Illuminate\\Routing\\Pipeline->Illuminate\\Routing\\{closure}(Object(Illuminate\\Http\\Request))
#49 C:\\Users\\izahR\\Desktop\\3ano\\OO II\\3bi\\laravel intro\\blog\\vendor\\laravel\\framework\\src\\Illuminate\\Pipeline\\Pipeline.php(163): Illuminate\\Foundation\\Http\\Middleware\\ValidatePostSize->handle(Object(Illuminate\\Http\\Request), Object(Closure))
#50 C:\\Users\\izahR\\Desktop\\3ano\\OO II\\3bi\\laravel intro\\blog\\vendor\\laravel\\framework\\src\\Illuminate\\Routing\\Pipeline.php(53): Illuminate\\Pipeline\\Pipeline->Illuminate\\Pipeline\\{closure}(Object(Illuminate\\Http\\Request))
#51 C:\\Users\\izahR\\Desktop\\3ano\\OO II\\3bi\\laravel intro\\blog\\vendor\\laravel\\framework\\src\\Illuminate\\Foundation\\Http\\Middleware\\CheckForMaintenanceMode.php(62): Illuminate\\Routing\\Pipeline->Illuminate\\Routing\\{closure}(Object(Illuminate\\Http\\Request))
#52 C:\\Users\\izahR\\Desktop\\3ano\\OO II\\3bi\\laravel intro\\blog\\vendor\\laravel\\framework\\src\\Illuminate\\Pipeline\\Pipeline.php(163): Illuminate\\Foundation\\Http\\Middleware\\CheckForMaintenanceMode->handle(Object(Illuminate\\Http\\Request), Object(Closure))
#53 C:\\Users\\izahR\\Desktop\\3ano\\OO II\\3bi\\laravel intro\\blog\\vendor\\laravel\\framework\\src\\Illuminate\\Routing\\Pipeline.php(53): Illuminate\\Pipeline\\Pipeline->Illuminate\\Pipeline\\{closure}(Object(Illuminate\\Http\\Request))
#54 C:\\Users\\izahR\\Desktop\\3ano\\OO II\\3bi\\laravel intro\\blog\\vendor\\laravel\\framework\\src\\Illuminate\\Pipeline\\Pipeline.php(104): Illuminate\\Routing\\Pipeline->Illuminate\\Routing\\{closure}(Object(Illuminate\\Http\\Request))
#55 C:\\Users\\izahR\\Desktop\\3ano\\OO II\\3bi\\laravel intro\\blog\\vendor\\laravel\\framework\\src\\Illuminate\\Foundation\\Http\\Kernel.php(151): Illuminate\\Pipeline\\Pipeline->then(Object(Closure))
#56 C:\\Users\\izahR\\Desktop\\3ano\\OO II\\3bi\\laravel intro\\blog\\vendor\\laravel\\framework\\src\\Illuminate\\Foundation\\Http\\Kernel.php(116): Illuminate\\Foundation\\Http\\Kernel->sendRequestThroughRouter(Object(Illuminate\\Http\\Request))
#57 C:\\Users\\izahR\\Desktop\\3ano\\OO II\\3bi\\laravel intro\\blog\\public\\index.php(55): Illuminate\\Foundation\\Http\\Kernel->handle(Object(Illuminate\\Http\\Request))
#58 C:\\Users\\izahR\\Desktop\\3ano\\OO II\\3bi\\laravel intro\\blog\\server.php(21): require_once('C:\\\\Users\\\\izahR\\\\...')
#59 {main}
"} 
[2019-09-18 01:27:42] local.ERROR: Use of undefined constant config - assumed 'config' (View: C:\Users\izahR\Desktop\3ano\OO II\3bi\laravel intro\blog\resources\views\layouts\tads.blade.php) (View: C:\Users\izahR\Desktop\3ano\OO II\3bi\laravel intro\blog\resources\views\layouts\tads.blade.php) {"userId":1,"exception":"[object] (ErrorException(code: 0): Use of undefined constant config - assumed 'config' (View: C:\\Users\\izahR\\Desktop\\3ano\\OO II\\3bi\\laravel intro\\blog\esources\\views\\layouts\\tads.blade.php) (View: C:\\Users\\izahR\\Desktop\\3ano\\OO II\\3bi\\laravel intro\\blog\esources\\views\\layouts\\tads.blade.php) at C:\\Users\\izahR\\Desktop\\3ano\\OO II\\3bi\\laravel intro\\blog\\storage\\framework\\views\\2b6c0c3bac9ea9dd22a7e9fbf40349c1b804c2f0.php:4, ErrorException(code: 0): Use of undefined constant config - assumed 'config' (View: C:\\Users\\izahR\\Desktop\\3ano\\OO II\\3bi\\laravel intro\\blog\esources\\views\\layouts\\tads.blade.php) at C:\\Users\\izahR\\Desktop\\3ano\\OO II\\3bi\\laravel intro\\blog\\storage\\framework\\views\\2b6c0c3bac9ea9dd22a7e9fbf40349c1b804c2f0.php:4, ErrorException(code: 0): Use of undefined constant config - assumed 'config' at C:\\Users\\izahR\\Desktop\\3ano\\OO II\\3bi\\laravel intro\\blog\\storage\\framework\\views\\2b6c0c3bac9ea9dd22a7e9fbf40349c1b804c2f0.php:4)
[stacktrace]
#0 C:\\Users\\izahR\\Desktop\\3ano\\OO II\\3bi\\laravel intro\\blog\\vendor\\laravel\\framework\\src\\Illuminate\\View\\Engines\\PhpEngine.php(45): Illuminate\\View\\Engines\\CompilerEngine->handleViewException(Object(ErrorException), 1)
#1 C:\\Users\\izahR\\Desktop\\3ano\\OO II\\3bi\\laravel intro\\blog\\vendor\\laravel\\framework\\src\\Illuminate\\View\\Engines\\CompilerEngine.php(59): Illuminate\\View\\Engines\\PhpEngine->evaluatePath('C:\\\\Users\\\\izahR\\\\...', Array)
#2 C:\\Users\\izahR\\Desktop\\3ano\\OO II\\3bi\\laravel intro\\blog\\vendor\\laravel\\framework\\src\\Illuminate\\View\\View.php(142): Illuminate\\View\\Engines\\CompilerEngine->get('C:\\\\Users\\\\izahR\\\\...', Array)
#3 C:\\Users\\izahR\\Desktop\\3ano\\OO II\\3bi\\laravel intro\\blog\\vendor\\laravel\\framework\\src\\Illuminate\\View\\View.php(125): Illuminate\\View\\View->getContents()
#4 C:\\Users\\izahR\\Desktop\\3ano\\OO II\\3bi\\laravel intro\\blog\\vendor\\laravel\\framework\\src\\Illuminate\\View\\View.php(90): Illuminate\\View\\View->renderContents()
#5 C:\\Users\\izahR\\Desktop\\3ano\\OO II\\3bi\\laravel intro\\blog\\vendor\\laravel\\framework\\src\\Illuminate\\Http\\Response.php(42): Illuminate\\View\\View->render()
#6 C:\\Users\\izahR\\Desktop\\3ano\\OO II\\3bi\\laravel intro\\blog\\vendor\\symfony\\http-foundation\\Response.php(202): Illuminate\\Http\\Response->setContent(Object(Illuminate\\View\\View))
#7 C:\\Users\\izahR\\Desktop\\3ano\\OO II\\3bi\\laravel intro\\blog\\vendor\\laravel\\framework\\src\\Illuminate\\Routing\\Router.php(748): Symfony\\Component\\HttpFoundation\\Response->__construct(Object(Illuminate\\View\\View))
#8 C:\\Users\\izahR\\Desktop\\3ano\\OO II\\3bi\\laravel intro\\blog\\vendor\\laravel\\framework\\src\\Illuminate\\Routing\\Router.php(720): Illuminate\\Routing\\Router::toResponse(Object(Illuminate\\Http\\Request), Object(Illuminate\\View\\View))
#9 C:\\Users\\izahR\\Desktop\\3ano\\OO II\\3bi\\laravel intro\\blog\\vendor\\laravel\\framework\\src\\Illuminate\\Routing\\Router.php(680): Illuminate\\Routing\\Router->prepareResponse(Object(Illuminate\\Http\\Request), Object(Illuminate\\View\\View))
#10 C:\\Users\\izahR\\Desktop\\3ano\\OO II\\3bi\\laravel intro\\blog\\vendor\\laravel\\framework\\src\\Illuminate\\Routing\\Pipeline.php(30): Illuminate\\Routing\\Router->Illuminate\\Routing\\{closure}(Object(Illuminate\\Http\\Request))
#11 C:\\Users\\izahR\\Desktop\\3ano\\OO II\\3bi\\laravel intro\\blog\\app\\Http\\Middleware\\Tads.php(23): Illuminate\\Routing\\Pipeline->Illuminate\\Routing\\{closure}(Object(Illuminate\\Http\\Request))
#12 C:\\Users\\izahR\\Desktop\\3ano\\OO II\\3bi\\laravel intro\\blog\\vendor\\laravel\\framework\\src\\Illuminate\\Pipeline\\Pipeline.php(163): App\\Http\\Middleware\\Tads->handle(Object(Illuminate\\Http\\Request), Object(Closure))
#13 C:\\Users\\izahR\\Desktop\\3ano\\OO II\\3bi\\laravel intro\\blog\\vendor\\laravel\\framework\\src\\Illuminate\\Routing\\Pipeline.php(53): Illuminate\\Pipeline\\Pipeline->Illuminate\\Pipeline\\{closure}(Object(Illuminate\\Http\\Request))
#14 C:\\Users\\izahR\\Desktop\\3ano\\OO II\\3bi\\laravel intro\\blog\\vendor\\laravel\\framework\\src\\Illuminate\\Routing\\Middleware\\SubstituteBindings.php(41): Illuminate\\Routing\\Pipeline->Illuminate\\Routing\\{closure}(Object(Illuminate\\Http\\Request))
#15 C:\\Users\\izahR\\Desktop\\3ano\\OO II\\3bi\\laravel intro\\blog\\vendor\\laravel\\framework\\src\\Illuminate\\Pipeline\\Pipeline.php(163): Illuminate\\Routing\\Middleware\\SubstituteBindings->handle(Object(Illuminate\\Http\\Request), Object(Closure))
#16 C:\\Users\\izahR\\Desktop\\3ano\\OO II\\3bi\\laravel intro\\blog\\vendor\\laravel\\framework\\src\\Illuminate\\Routing\\Pipeline.php(53): Illuminate\\Pipeline\\Pipeline->Illuminate\\Pipeline\\{closure}(Object(Illuminate\\Http\\Request))
#17 C:\\Users\\izahR\\Desktop\\3ano\\OO II\\3bi\\laravel intro\\blog\\vendor\\laravel\\framework\\src\\Illuminate\\Foundation\\Http\\Middleware\\VerifyCsrfToken.php(75): Illuminate\\Routing\\Pipeline->Illuminate\\Routing\\{closure}(Object(Illuminate\\Http\\Request))
#18 C:\\Users\\izahR\\Desktop\\3ano\\OO II\\3bi\\laravel intro\\blog\\vendor\\laravel\\framework\\src\\Illuminate\\Pipeline\\Pipeline.php(163): Illuminate\\Foundation\\Http\\Middleware\\VerifyCsrfToken->handle(Object(Illuminate\\Http\\Request), Object(Closure))
#19 C:\\Users\\izahR\\Desktop\\3ano\\OO II\\3bi\\laravel intro\\blog\\vendor\\laravel\\framework\\src\\Illuminate\\Routing\\Pipeline.php(53): Illuminate\\Pipeline\\Pipeline->Illuminate\\Pipeline\\{closure}(Object(Illuminate\\Http\\Request))
#20 C:\\Users\\izahR\\Desktop\\3ano\\OO II\\3bi\\laravel intro\\blog\\vendor\\laravel\\framework\\src\\Illuminate\\View\\Middleware\\ShareErrorsFromSession.php(49): Illuminate\\Routing\\Pipeline->Illuminate\\Routing\\{closure}(Object(Illuminate\\Http\\Request))
#21 C:\\Users\\izahR\\Desktop\\3ano\\OO II\\3bi\\laravel intro\\blog\\vendor\\laravel\\framework\\src\\Illuminate\\Pipeline\\Pipeline.php(163): Illuminate\\View\\Middleware\\ShareErrorsFromSession->handle(Object(Illuminate\\Http\\Request), Object(Closure))
#22 C:\\Users\\izahR\\Desktop\\3ano\\OO II\\3bi\\laravel intro\\blog\\vendor\\laravel\\framework\\src\\Illuminate\\Routing\\Pipeline.php(53): Illuminate\\Pipeline\\Pipeline->Illuminate\\Pipeline\\{closure}(Object(Illuminate\\Http\\Request))
#23 C:\\Users\\izahR\\Desktop\\3ano\\OO II\\3bi\\laravel intro\\blog\\vendor\\laravel\\framework\\src\\Illuminate\\Session\\Middleware\\StartSession.php(56): Illuminate\\Routing\\Pipeline->Illuminate\\Routing\\{closure}(Object(Illuminate\\Http\\Request))
#24 C:\\Users\\izahR\\Desktop\\3ano\\OO II\\3bi\\laravel intro\\blog\\vendor\\laravel\\framework\\src\\Illuminate\\Pipeline\\Pipeline.php(163): Illuminate\\Session\\Middleware\\StartSession->handle(Object(Illuminate\\Http\\Request), Object(Closure))
#25 C:\\Users\\izahR\\Desktop\\3ano\\OO II\\3bi\\laravel intro\\blog\\vendor\\laravel\\framework\\src\\Illuminate\\Routing\\Pipeline.php(53): Illuminate\\Pipeline\\Pipeline->Illuminate\\Pipeline\\{closure}(Object(Illuminate\\Http\\Request))
#26 C:\\Users\\izahR\\Desktop\\3ano\\OO II\\3bi\\laravel intro\\blog\\vendor\\laravel\\framework\\src\\Illuminate\\Cookie\\Middleware\\AddQueuedCookiesToResponse.php(37): Illuminate\\Routing\\Pipeline->Illuminate\\Routing\\{closure}(Object(Illuminate\\Http\\Request))
#27 C:\\Users\\izahR\\Desktop\\3ano\\OO II\\3bi\\laravel intro\\blog\\vendor\\laravel\\framework\\src\\Illuminate\\Pipeline\\Pipeline.php(163): Illuminate\\Cookie\\Middleware\\AddQueuedCookiesToResponse->handle(Object(Illuminate\\Http\\Request), Object(Closure))
#28 C:\\Users\\izahR\\Desktop\\3ano\\OO II\\3bi\\laravel intro\\blog\\vendor\\laravel\\framework\\src\\Illuminate\\Routing\\Pipeline.php(53): Illuminate\\Pipeline\\Pipeline->Illuminate\\Pipeline\\{closure}(Object(Illuminate\\Http\\Request))
#29 C:\\Users\\izahR\\Desktop\\3ano\\OO II\\3bi\\laravel intro\\blog\\vendor\\laravel\\framework\\src\\Illuminate\\Cookie\\Middleware\\EncryptCookies.php(66): Illuminate\\Routing\\Pipeline->Illuminate\\Routing\\{closure}(Object(Illuminate\\Http\\Request))
#30 C:\\Users\\izahR\\Desktop\\3ano\\OO II\\3bi\\laravel intro\\blog\\vendor\\laravel\\framework\\src\\Illuminate\\Pipeline\\Pipeline.php(163): Illuminate\\Cookie\\Middleware\\EncryptCookies->handle(Object(Illuminate\\Http\\Request), Object(Closure))
#31 C:\\Users\\izahR\\Desktop\\3ano\\OO II\\3bi\\laravel intro\\blog\\vendor\\laravel\\framework\\src\\Illuminate\\Routing\\Pipeline.php(53): Illuminate\\Pipeline\\Pipeline->Illuminate\\Pipeline\\{closure}(Object(Illuminate\\Http\\Request))
#32 C:\\Users\\izahR\\Desktop\\3ano\\OO II\\3bi\\laravel intro\\blog\\vendor\\laravel\\framework\\src\\Illuminate\\Pipeline\\Pipeline.php(104): Illuminate\\Routing\\Pipeline->Illuminate\\Routing\\{closure}(Object(Illuminate\\Http\\Request))
#33 C:\\Users\\izahR\\Desktop\\3ano\\OO II\\3bi\\laravel intro\\blog\\vendor\\laravel\\framework\\src\\Illuminate\\Routing\\Router.php(682): Illuminate\\Pipeline\\Pipeline->then(Object(Closure))
#34 C:\\Users\\izahR\\Desktop\\3ano\\OO II\\3bi\\laravel intro\\blog\\vendor\\laravel\\framework\\src\\Illuminate\\Routing\\Router.php(657): Illuminate\\Routing\\Router->runRouteWithinStack(Object(Illuminate\\Routing\\Route), Object(Illuminate\\Http\\Request))
#35 C:\\Users\\izahR\\Desktop\\3ano\\OO II\\3bi\\laravel intro\\blog\\vendor\\laravel\\framework\\src\\Illuminate\\Routing\\Router.php(623): Illuminate\\Routing\\Router->runRoute(Object(Illuminate\\Http\\Request), Object(Illuminate\\Routing\\Route))
#36 C:\\Users\\izahR\\Desktop\\3ano\\OO II\\3bi\\laravel intro\\blog\\vendor\\laravel\\framework\\src\\Illuminate\\Routing\\Router.php(612): Illuminate\\Routing\\Router->dispatchToRoute(Object(Illuminate\\Http\\Request))
#37 C:\\Users\\izahR\\Desktop\\3ano\\OO II\\3bi\\laravel intro\\blog\\vendor\\laravel\\framework\\src\\Illuminate\\Foundation\\Http\\Kernel.php(176): Illuminate\\Routing\\Router->dispatch(Object(Illuminate\\Http\\Request))
#38 C:\\Users\\izahR\\Desktop\\3ano\\OO II\\3bi\\laravel intro\\blog\\vendor\\laravel\\framework\\src\\Illuminate\\Routing\\Pipeline.php(30): Illuminate\\Foundation\\Http\\Kernel->Illuminate\\Foundation\\Http\\{closure}(Object(Illuminate\\Http\\Request))
#39 C:\\Users\\izahR\\Desktop\\3ano\\OO II\\3bi\\laravel intro\\blog\\vendor\\fideloper\\proxy\\src\\TrustProxies.php(57): Illuminate\\Routing\\Pipeline->Illuminate\\Routing\\{closure}(Object(Illuminate\\Http\\Request))
#40 C:\\Users\\izahR\\Desktop\\3ano\\OO II\\3bi\\laravel intro\\blog\\vendor\\laravel\\framework\\src\\Illuminate\\Pipeline\\Pipeline.php(163): Fideloper\\Proxy\\TrustProxies->handle(Object(Illuminate\\Http\\Request), Object(Closure))
#41 C:\\Users\\izahR\\Desktop\\3ano\\OO II\\3bi\\laravel intro\\blog\\vendor\\laravel\\framework\\src\\Illuminate\\Routing\\Pipeline.php(53): Illuminate\\Pipeline\\Pipeline->Illuminate\\Pipeline\\{closure}(Object(Illuminate\\Http\\Request))
#42 C:\\Users\\izahR\\Desktop\\3ano\\OO II\\3bi\\laravel intro\\blog\\vendor\\laravel\\framework\\src\\Illuminate\\Foundation\\Http\\Middleware\\TransformsRequest.php(21): Illuminate\\Routing\\Pipeline->Illuminate\\Routing\\{closure}(Object(Illuminate\\Http\\Request))
#43 C:\\Users\\izahR\\Desktop\\3ano\\OO II\\3bi\\laravel intro\\blog\\vendor\\laravel\\framework\\src\\Illuminate\\Pipeline\\Pipeline.php(163): Illuminate\\Foundation\\Http\\Middleware\\TransformsRequest->handle(Object(Illuminate\\Http\\Request), Object(Closure))
#44 C:\\Users\\izahR\\Desktop\\3ano\\OO II\\3bi\\laravel intro\\blog\\vendor\\laravel\\framework\\src\\Illuminate\\Routing\\Pipeline.php(53): Illuminate\\Pipeline\\Pipeline->Illuminate\\Pipeline\\{closure}(Object(Illuminate\\Http\\Request))
#45 C:\\Users\\izahR\\Desktop\\3ano\\OO II\\3bi\\laravel intro\\blog\\vendor\\laravel\\framework\\src\\Illuminate\\Foundation\\Http\\Middleware\\TransformsRequest.php(21): Illuminate\\Routing\\Pipeline->Illuminate\\Routing\\{closure}(Object(Illuminate\\Http\\Request))
#46 C:\\Users\\izahR\\Desktop\\3ano\\OO II\\3bi\\laravel intro\\blog\\vendor\\laravel\\framework\\src\\Illuminate\\Pipeline\\Pipeline.php(163): Illuminate\\Foundation\\Http\\Middleware\\TransformsRequest->handle(Object(Illuminate\\Http\\Request), Object(Closure))
#47 C:\\Users\\izahR\\Desktop\\3ano\\OO II\\3bi\\laravel intro\\blog\\vendor\\laravel\\framework\\src\\Illuminate\\Routing\\Pipeline.php(53): Illuminate\\Pipeline\\Pipeline->Illuminate\\Pipeline\\{closure}(Object(Illuminate\\Http\\Request))
#48 C:\\Users\\izahR\\Desktop\\3ano\\OO II\\3bi\\laravel intro\\blog\\vendor\\laravel\\framework\\src\\Illuminate\\Foundation\\Http\\Middleware\\ValidatePostSize.php(27): Illuminate\\Routing\\Pipeline->Illuminate\\Routing\\{closure}(Object(Illuminate\\Http\\Request))
#49 C:\\Users\\izahR\\Desktop\\3ano\\OO II\\3bi\\laravel intro\\blog\\vendor\\laravel\\framework\\src\\Illuminate\\Pipeline\\Pipeline.php(163): Illuminate\\Foundation\\Http\\Middleware\\ValidatePostSize->handle(Object(Illuminate\\Http\\Request), Object(Closure))
#50 C:\\Users\\izahR\\Desktop\\3ano\\OO II\\3bi\\laravel intro\\blog\\vendor\\laravel\\framework\\src\\Illuminate\\Routing\\Pipeline.php(53): Illuminate\\Pipeline\\Pipeline->Illuminate\\Pipeline\\{closure}(Object(Illuminate\\Http\\Request))
#51 C:\\Users\\izahR\\Desktop\\3ano\\OO II\\3bi\\laravel intro\\blog\\vendor\\laravel\\framework\\src\\Illuminate\\Foundation\\Http\\Middleware\\CheckForMaintenanceMode.php(62): Illuminate\\Routing\\Pipeline->Illuminate\\Routing\\{closure}(Object(Illuminate\\Http\\Request))
#52 C:\\Users\\izahR\\Desktop\\3ano\\OO II\\3bi\\laravel intro\\blog\\vendor\\laravel\\framework\\src\\Illuminate\\Pipeline\\Pipeline.php(163): Illuminate\\Foundation\\Http\\Middleware\\CheckForMaintenanceMode->handle(Object(Illuminate\\Http\\Request), Object(Closure))
#53 C:\\Users\\izahR\\Desktop\\3ano\\OO II\\3bi\\laravel intro\\blog\\vendor\\laravel\\framework\\src\\Illuminate\\Routing\\Pipeline.php(53): Illuminate\\Pipeline\\Pipeline->Illuminate\\Pipeline\\{closure}(Object(Illuminate\\Http\\Request))
#54 C:\\Users\\izahR\\Desktop\\3ano\\OO II\\3bi\\laravel intro\\blog\\vendor\\laravel\\framework\\src\\Illuminate\\Pipeline\\Pipeline.php(104): Illuminate\\Routing\\Pipeline->Illuminate\\Routing\\{closure}(Object(Illuminate\\Http\\Request))
#55 C:\\Users\\izahR\\Desktop\\3ano\\OO II\\3bi\\laravel intro\\blog\\vendor\\laravel\\framework\\src\\Illuminate\\Foundation\\Http\\Kernel.php(151): Illuminate\\Pipeline\\Pipeline->then(Object(Closure))
#56 C:\\Users\\izahR\\Desktop\\3ano\\OO II\\3bi\\laravel intro\\blog\\vendor\\laravel\\framework\\src\\Illuminate\\Foundation\\Http\\Kernel.php(116): Illuminate\\Foundation\\Http\\Kernel->sendRequestThroughRouter(Object(Illuminate\\Http\\Request))
#57 C:\\Users\\izahR\\Desktop\\3ano\\OO II\\3bi\\laravel intro\\blog\\public\\index.php(55): Illuminate\\Foundation\\Http\\Kernel->handle(Object(Illuminate\\Http\\Request))
#58 C:\\Users\\izahR\\Desktop\\3ano\\OO II\\3bi\\laravel intro\\blog\\server.php(21): require_once('C:\\\\Users\\\\izahR\\\\...')
#59 {main}
"} 
[2019-09-18 01:28:43] local.ERROR: Command "cache:clean" is not defined.

Did you mean one of these?
    cache:clear
    cache:forget
    cache:table
    config:clear
    event:clear
    optimize:clear
    route:clear
    view:clear {"exception":"[object] (Symfony\\Component\\Console\\Exception\\CommandNotFoundException(code: 0): Command \"cache:clean\" is not defined.

Did you mean one of these?
    cache:clear
    cache:forget
    cache:table
    config:clear
    event:clear
    optimize:clear
    route:clear
    view:clear at C:\\Users\\izahR\\Desktop\\3ano\\OO II\\3bi\\laravel intro\\blog\\vendor\\symfony\\console\\Application.php:652)
[stacktrace]
#0 C:\\Users\\izahR\\Desktop\\3ano\\OO II\\3bi\\laravel intro\\blog\\vendor\\symfony\\console\\Application.php(237): Symfony\\Component\\Console\\Application->find('cache:clean')
#1 C:\\Users\\izahR\\Desktop\\3ano\\OO II\\3bi\\laravel intro\\blog\\vendor\\symfony\\console\\Application.php(149): Symfony\\Component\\Console\\Application->doRun(Object(Symfony\\Component\\Console\\Input\\ArgvInput), Object(Symfony\\Component\\Console\\Output\\ConsoleOutput))
#2 C:\\Users\\izahR\\Desktop\\3ano\\OO II\\3bi\\laravel intro\\blog\\vendor\\laravel\\framework\\src\\Illuminate\\Console\\Application.php(90): Symfony\\Component\\Console\\Application->run(Object(Symfony\\Component\\Console\\Input\\ArgvInput), Object(Symfony\\Component\\Console\\Output\\ConsoleOutput))
#3 C:\\Users\\izahR\\Desktop\\3ano\\OO II\\3bi\\laravel intro\\blog\\vendor\\laravel\\framework\\src\\Illuminate\\Foundation\\Console\\Kernel.php(133): Illuminate\\Console\\Application->run(Object(Symfony\\Component\\Console\\Input\\ArgvInput), Object(Symfony\\Component\\Console\\Output\\ConsoleOutput))
#4 C:\\Users\\izahR\\Desktop\\3ano\\OO II\\3bi\\laravel intro\\blog\\artisan(37): Illuminate\\Foundation\\Console\\Kernel->handle(Object(Symfony\\Component\\Console\\Input\\ArgvInput), Object(Symfony\\Component\\Console\\Output\\ConsoleOutput))
#5 {main}
"} 
